{"/Users/steffanhalvorsen/Desktop/git/coralpen/core/services/CacheService.mjs": {"path":"/Users/steffanhalvorsen/Desktop/git/coralpen/core/services/CacheService.mjs","statementMap":{"0":{"start":{"line":12,"column":4},"end":{"line":12,"column":null}},"1":{"start":{"line":13,"column":4},"end":{"line":13,"column":null}},"2":{"start":{"line":14,"column":4},"end":{"line":14,"column":null}},"3":{"start":{"line":15,"column":4},"end":{"line":15,"column":null}},"4":{"start":{"line":23,"column":4},"end":{"line":26,"column":null}},"5":{"start":{"line":24,"column":6},"end":{"line":24,"column":null}},"6":{"start":{"line":25,"column":6},"end":{"line":25,"column":null}},"7":{"start":{"line":28,"column":4},"end":{"line":49,"column":null}},"8":{"start":{"line":30,"column":6},"end":{"line":45,"column":null}},"9":{"start":{"line":31,"column":22},"end":{"line":31,"column":null}},"10":{"start":{"line":32,"column":8},"end":{"line":34,"column":null}},"11":{"start":{"line":36,"column":8},"end":{"line":39,"column":null}},"12":{"start":{"line":37,"column":10},"end":{"line":37,"column":null}},"13":{"start":{"line":38,"column":10},"end":{"line":38,"column":null}},"14":{"start":{"line":41,"column":8},"end":{"line":41,"column":null}},"15":{"start":{"line":42,"column":8},"end":{"line":42,"column":null}},"16":{"start":{"line":44,"column":8},"end":{"line":44,"column":null}},"17":{"start":{"line":47,"column":6},"end":{"line":47,"column":null}},"18":{"start":{"line":48,"column":6},"end":{"line":48,"column":null}},"19":{"start":{"line":58,"column":4},"end":{"line":58,"column":null}},"20":{"start":{"line":58,"column":23},"end":{"line":58,"column":null}},"21":{"start":{"line":60,"column":4},"end":{"line":78,"column":null}},"22":{"start":{"line":61,"column":6},"end":{"line":64,"column":null}},"23":{"start":{"line":62,"column":22},"end":{"line":62,"column":null}},"24":{"start":{"line":63,"column":8},"end":{"line":63,"column":null}},"25":{"start":{"line":67,"column":18},"end":{"line":67,"column":null}},"26":{"start":{"line":68,"column":6},"end":{"line":72,"column":null}},"27":{"start":{"line":69,"column":8},"end":{"line":69,"column":null}},"28":{"start":{"line":70,"column":8},"end":{"line":70,"column":null}},"29":{"start":{"line":71,"column":8},"end":{"line":71,"column":null}},"30":{"start":{"line":74,"column":6},"end":{"line":74,"column":null}},"31":{"start":{"line":76,"column":6},"end":{"line":76,"column":null}},"32":{"start":{"line":77,"column":6},"end":{"line":77,"column":null}},"33":{"start":{"line":89,"column":4},"end":{"line":89,"column":null}},"34":{"start":{"line":89,"column":23},"end":{"line":89,"column":null}},"35":{"start":{"line":91,"column":4},"end":{"line":101,"column":null}},"36":{"start":{"line":92,"column":6},"end":{"line":98,"column":null}},"37":{"start":{"line":93,"column":8},"end":{"line":93,"column":null}},"38":{"start":{"line":96,"column":8},"end":{"line":96,"column":null}},"39":{"start":{"line":97,"column":8},"end":{"line":97,"column":null}},"40":{"start":{"line":100,"column":6},"end":{"line":100,"column":null}},"41":{"start":{"line":110,"column":4},"end":{"line":110,"column":null}},"42":{"start":{"line":110,"column":23},"end":{"line":110,"column":null}},"43":{"start":{"line":112,"column":4},"end":{"line":121,"column":null}},"44":{"start":{"line":113,"column":6},"end":{"line":118,"column":null}},"45":{"start":{"line":114,"column":8},"end":{"line":114,"column":null}},"46":{"start":{"line":116,"column":8},"end":{"line":116,"column":null}},"47":{"start":{"line":117,"column":8},"end":{"line":117,"column":null}},"48":{"start":{"line":120,"column":6},"end":{"line":120,"column":null}},"49":{"start":{"line":130,"column":4},"end":{"line":130,"column":null}},"50":{"start":{"line":130,"column":23},"end":{"line":130,"column":null}},"51":{"start":{"line":132,"column":4},"end":{"line":150,"column":null}},"52":{"start":{"line":133,"column":6},"end":{"line":147,"column":null}},"53":{"start":{"line":134,"column":21},"end":{"line":134,"column":null}},"54":{"start":{"line":135,"column":8},"end":{"line":137,"column":null}},"55":{"start":{"line":136,"column":10},"end":{"line":136,"column":null}},"56":{"start":{"line":140,"column":22},"end":{"line":140,"column":null}},"57":{"start":{"line":141,"column":8},"end":{"line":146,"column":null}},"58":{"start":{"line":142,"column":10},"end":{"line":145,"column":null}},"59":{"start":{"line":143,"column":12},"end":{"line":143,"column":null}},"60":{"start":{"line":144,"column":12},"end":{"line":144,"column":null}},"61":{"start":{"line":149,"column":6},"end":{"line":149,"column":null}},"62":{"start":{"line":158,"column":4},"end":{"line":158,"column":null}},"63":{"start":{"line":158,"column":23},"end":{"line":158,"column":null}},"64":{"start":{"line":160,"column":4},"end":{"line":169,"column":null}},"65":{"start":{"line":161,"column":6},"end":{"line":166,"column":null}},"66":{"start":{"line":162,"column":8},"end":{"line":162,"column":null}},"67":{"start":{"line":164,"column":8},"end":{"line":164,"column":null}},"68":{"start":{"line":165,"column":8},"end":{"line":165,"column":null}},"69":{"start":{"line":168,"column":6},"end":{"line":168,"column":null}},"70":{"start":{"line":180,"column":4},"end":{"line":182,"column":null}},"71":{"start":{"line":181,"column":6},"end":{"line":181,"column":null}},"72":{"start":{"line":184,"column":19},"end":{"line":184,"column":null}},"73":{"start":{"line":185,"column":4},"end":{"line":187,"column":null}},"74":{"start":{"line":186,"column":6},"end":{"line":186,"column":null}},"75":{"start":{"line":189,"column":18},"end":{"line":189,"column":null}},"76":{"start":{"line":190,"column":4},"end":{"line":190,"column":null}},"77":{"start":{"line":192,"column":4},"end":{"line":192,"column":null}},"78":{"start":{"line":202,"column":4},"end":{"line":202,"column":null}},"79":{"start":{"line":202,"column":23},"end":{"line":202,"column":null}},"80":{"start":{"line":204,"column":4},"end":{"line":216,"column":null}},"81":{"start":{"line":205,"column":6},"end":{"line":207,"column":null}},"82":{"start":{"line":206,"column":8},"end":{"line":206,"column":null}},"83":{"start":{"line":209,"column":22},"end":{"line":209,"column":null}},"84":{"start":{"line":210,"column":23},"end":{"line":210,"column":null}},"85":{"start":{"line":211,"column":6},"end":{"line":211,"column":null}},"86":{"start":{"line":212,"column":6},"end":{"line":212,"column":null}},"87":{"start":{"line":214,"column":6},"end":{"line":214,"column":null}},"88":{"start":{"line":215,"column":6},"end":{"line":215,"column":null}},"89":{"start":{"line":225,"column":4},"end":{"line":225,"column":null}},"90":{"start":{"line":225,"column":23},"end":{"line":225,"column":null}},"91":{"start":{"line":227,"column":4},"end":{"line":236,"column":null}},"92":{"start":{"line":228,"column":6},"end":{"line":230,"column":null}},"93":{"start":{"line":229,"column":8},"end":{"line":229,"column":null}},"94":{"start":{"line":232,"column":6},"end":{"line":232,"column":null}},"95":{"start":{"line":234,"column":6},"end":{"line":234,"column":null}},"96":{"start":{"line":235,"column":6},"end":{"line":235,"column":null}},"97":{"start":{"line":244,"column":4},"end":{"line":246,"column":null}},"98":{"start":{"line":245,"column":6},"end":{"line":245,"column":null}},"99":{"start":{"line":254,"column":4},"end":{"line":254,"column":null}},"100":{"start":{"line":254,"column":20},"end":{"line":254,"column":null}},"101":{"start":{"line":256,"column":16},"end":{"line":256,"column":null}},"102":{"start":{"line":257,"column":4},"end":{"line":262,"column":null}},"103":{"start":{"line":258,"column":6},"end":{"line":261,"column":null}},"104":{"start":{"line":259,"column":8},"end":{"line":259,"column":null}},"105":{"start":{"line":260,"column":8},"end":{"line":260,"column":null}},"106":{"start":{"line":267,"column":21},"end":{"line":267,"column":null}}},"fnMap":{"0":{"name":"(anonymous_0)","decl":{"start":{"line":11,"column":2},"end":{"line":11,"column":13}},"loc":{"start":{"line":11,"column":16},"end":{"line":16,"column":null}},"line":11},"1":{"name":"(anonymous_1)","decl":{"start":{"line":22,"column":8},"end":{"line":22,"column":18}},"loc":{"start":{"line":22,"column":21},"end":{"line":50,"column":null}},"line":22},"2":{"name":"(anonymous_2)","decl":{"start":{"line":36,"column":31},"end":{"line":36,"column":32}},"loc":{"start":{"line":36,"column":40},"end":{"line":39,"column":9}},"line":36},"3":{"name":"(anonymous_3)","decl":{"start":{"line":57,"column":8},"end":{"line":57,"column":11}},"loc":{"start":{"line":57,"column":17},"end":{"line":79,"column":null}},"line":57},"4":{"name":"(anonymous_4)","decl":{"start":{"line":88,"column":8},"end":{"line":88,"column":11}},"loc":{"start":{"line":88,"column":49},"end":{"line":102,"column":null}},"line":88},"5":{"name":"(anonymous_5)","decl":{"start":{"line":109,"column":8},"end":{"line":109,"column":11}},"loc":{"start":{"line":109,"column":17},"end":{"line":122,"column":null}},"line":109},"6":{"name":"(anonymous_6)","decl":{"start":{"line":129,"column":8},"end":{"line":129,"column":18}},"loc":{"start":{"line":129,"column":28},"end":{"line":151,"column":null}},"line":129},"7":{"name":"(anonymous_7)","decl":{"start":{"line":157,"column":8},"end":{"line":157,"column":13}},"loc":{"start":{"line":157,"column":16},"end":{"line":170,"column":null}},"line":157},"8":{"name":"(anonymous_8)","decl":{"start":{"line":179,"column":8},"end":{"line":179,"column":16}},"loc":{"start":{"line":179,"column":51},"end":{"line":193,"column":null}},"line":179},"9":{"name":"(anonymous_9)","decl":{"start":{"line":201,"column":8},"end":{"line":201,"column":17}},"loc":{"start":{"line":201,"column":35},"end":{"line":217,"column":null}},"line":201},"10":{"name":"(anonymous_10)","decl":{"start":{"line":224,"column":8},"end":{"line":224,"column":14}},"loc":{"start":{"line":224,"column":20},"end":{"line":237,"column":null}},"line":224},"11":{"name":"(anonymous_11)","decl":{"start":{"line":243,"column":8},"end":{"line":243,"column":13}},"loc":{"start":{"line":243,"column":16},"end":{"line":247,"column":null}},"line":243},"12":{"name":"(anonymous_12)","decl":{"start":{"line":253,"column":2},"end":{"line":253,"column":16}},"loc":{"start":{"line":253,"column":19},"end":{"line":263,"column":null}},"line":253}},"branchMap":{"0":{"loc":{"start":{"line":23,"column":4},"end":{"line":26,"column":null}},"type":"if","locations":[{"start":{"line":23,"column":4},"end":{"line":26,"column":null}},{"start":{},"end":{}}],"line":23},"1":{"loc":{"start":{"line":30,"column":6},"end":{"line":45,"column":null}},"type":"if","locations":[{"start":{"line":30,"column":6},"end":{"line":45,"column":null}},{"start":{"line":43,"column":13},"end":{"line":45,"column":null}}],"line":30},"2":{"loc":{"start":{"line":58,"column":4},"end":{"line":58,"column":null}},"type":"if","locations":[{"start":{"line":58,"column":4},"end":{"line":58,"column":null}},{"start":{},"end":{}}],"line":58},"3":{"loc":{"start":{"line":61,"column":6},"end":{"line":64,"column":null}},"type":"if","locations":[{"start":{"line":61,"column":6},"end":{"line":64,"column":null}},{"start":{},"end":{}}],"line":61},"4":{"loc":{"start":{"line":63,"column":15},"end":{"line":63,"column":null}},"type":"cond-expr","locations":[{"start":{"line":63,"column":23},"end":{"line":63,"column":40}},{"start":{"line":63,"column":43},"end":{"line":63,"column":null}}],"line":63},"5":{"loc":{"start":{"line":68,"column":6},"end":{"line":72,"column":null}},"type":"if","locations":[{"start":{"line":68,"column":6},"end":{"line":72,"column":null}},{"start":{},"end":{}}],"line":68},"6":{"loc":{"start":{"line":68,"column":10},"end":{"line":68,"column":33}},"type":"binary-expr","locations":[{"start":{"line":68,"column":10},"end":{"line":68,"column":13}},{"start":{"line":68,"column":17},"end":{"line":68,"column":33}}],"line":68},"7":{"loc":{"start":{"line":74,"column":13},"end":{"line":74,"column":null}},"type":"binary-expr","locations":[{"start":{"line":74,"column":13},"end":{"line":74,"column":40}},{"start":{"line":74,"column":44},"end":{"line":74,"column":null}}],"line":74},"8":{"loc":{"start":{"line":88,"column":24},"end":{"line":88,"column":47}},"type":"default-arg","locations":[{"start":{"line":88,"column":30},"end":{"line":88,"column":47}}],"line":88},"9":{"loc":{"start":{"line":89,"column":4},"end":{"line":89,"column":null}},"type":"if","locations":[{"start":{"line":89,"column":4},"end":{"line":89,"column":null}},{"start":{},"end":{}}],"line":89},"10":{"loc":{"start":{"line":92,"column":6},"end":{"line":98,"column":null}},"type":"if","locations":[{"start":{"line":92,"column":6},"end":{"line":98,"column":null}},{"start":{"line":94,"column":13},"end":{"line":98,"column":null}}],"line":92},"11":{"loc":{"start":{"line":110,"column":4},"end":{"line":110,"column":null}},"type":"if","locations":[{"start":{"line":110,"column":4},"end":{"line":110,"column":null}},{"start":{},"end":{}}],"line":110},"12":{"loc":{"start":{"line":113,"column":6},"end":{"line":118,"column":null}},"type":"if","locations":[{"start":{"line":113,"column":6},"end":{"line":118,"column":null}},{"start":{"line":115,"column":13},"end":{"line":118,"column":null}}],"line":113},"13":{"loc":{"start":{"line":130,"column":4},"end":{"line":130,"column":null}},"type":"if","locations":[{"start":{"line":130,"column":4},"end":{"line":130,"column":null}},{"start":{},"end":{}}],"line":130},"14":{"loc":{"start":{"line":133,"column":6},"end":{"line":147,"column":null}},"type":"if","locations":[{"start":{"line":133,"column":6},"end":{"line":147,"column":null}},{"start":{"line":138,"column":13},"end":{"line":147,"column":null}}],"line":133},"15":{"loc":{"start":{"line":135,"column":8},"end":{"line":137,"column":null}},"type":"if","locations":[{"start":{"line":135,"column":8},"end":{"line":137,"column":null}},{"start":{},"end":{}}],"line":135},"16":{"loc":{"start":{"line":142,"column":10},"end":{"line":145,"column":null}},"type":"if","locations":[{"start":{"line":142,"column":10},"end":{"line":145,"column":null}},{"start":{},"end":{}}],"line":142},"17":{"loc":{"start":{"line":158,"column":4},"end":{"line":158,"column":null}},"type":"if","locations":[{"start":{"line":158,"column":4},"end":{"line":158,"column":null}},{"start":{},"end":{}}],"line":158},"18":{"loc":{"start":{"line":161,"column":6},"end":{"line":166,"column":null}},"type":"if","locations":[{"start":{"line":161,"column":6},"end":{"line":166,"column":null}},{"start":{"line":163,"column":13},"end":{"line":166,"column":null}}],"line":161},"19":{"loc":{"start":{"line":179,"column":26},"end":{"line":179,"column":49}},"type":"default-arg","locations":[{"start":{"line":179,"column":32},"end":{"line":179,"column":49}}],"line":179},"20":{"loc":{"start":{"line":180,"column":4},"end":{"line":182,"column":null}},"type":"if","locations":[{"start":{"line":180,"column":4},"end":{"line":182,"column":null}},{"start":{},"end":{}}],"line":180},"21":{"loc":{"start":{"line":185,"column":4},"end":{"line":187,"column":null}},"type":"if","locations":[{"start":{"line":185,"column":4},"end":{"line":187,"column":null}},{"start":{},"end":{}}],"line":185},"22":{"loc":{"start":{"line":201,"column":23},"end":{"line":201,"column":33}},"type":"default-arg","locations":[{"start":{"line":201,"column":32},"end":{"line":201,"column":33}}],"line":201},"23":{"loc":{"start":{"line":202,"column":4},"end":{"line":202,"column":null}},"type":"if","locations":[{"start":{"line":202,"column":4},"end":{"line":202,"column":null}},{"start":{},"end":{}}],"line":202},"24":{"loc":{"start":{"line":205,"column":6},"end":{"line":207,"column":null}},"type":"if","locations":[{"start":{"line":205,"column":6},"end":{"line":207,"column":null}},{"start":{},"end":{}}],"line":205},"25":{"loc":{"start":{"line":209,"column":22},"end":{"line":209,"column":null}},"type":"binary-expr","locations":[{"start":{"line":209,"column":22},"end":{"line":209,"column":49}},{"start":{"line":209,"column":53},"end":{"line":209,"column":null}}],"line":209},"26":{"loc":{"start":{"line":225,"column":4},"end":{"line":225,"column":null}},"type":"if","locations":[{"start":{"line":225,"column":4},"end":{"line":225,"column":null}},{"start":{},"end":{}}],"line":225},"27":{"loc":{"start":{"line":228,"column":6},"end":{"line":230,"column":null}},"type":"if","locations":[{"start":{"line":228,"column":6},"end":{"line":230,"column":null}},{"start":{},"end":{}}],"line":228},"28":{"loc":{"start":{"line":244,"column":4},"end":{"line":246,"column":null}},"type":"if","locations":[{"start":{"line":244,"column":4},"end":{"line":246,"column":null}},{"start":{},"end":{}}],"line":244},"29":{"loc":{"start":{"line":254,"column":4},"end":{"line":254,"column":null}},"type":"if","locations":[{"start":{"line":254,"column":4},"end":{"line":254,"column":null}},{"start":{},"end":{}}],"line":254},"30":{"loc":{"start":{"line":258,"column":6},"end":{"line":261,"column":null}},"type":"if","locations":[{"start":{"line":258,"column":6},"end":{"line":261,"column":null}},{"start":{},"end":{}}],"line":258}},"s":{"0":1,"1":1,"2":1,"3":1,"4":8,"5":0,"6":0,"7":8,"8":8,"9":0,"10":0,"11":0,"12":0,"13":0,"14":0,"15":0,"16":8,"17":0,"18":0,"19":10,"20":0,"21":10,"22":10,"23":0,"24":0,"25":10,"26":10,"27":0,"28":0,"29":0,"30":10,"31":0,"32":0,"33":9,"34":0,"35":9,"36":9,"37":0,"38":9,"39":9,"40":0,"41":1,"42":0,"43":1,"44":1,"45":0,"46":1,"47":1,"48":0,"49":0,"50":0,"51":0,"52":0,"53":0,"54":0,"55":0,"56":0,"57":0,"58":0,"59":0,"60":0,"61":0,"62":9,"63":0,"64":9,"65":9,"66":0,"67":9,"68":9,"69":0,"70":2,"71":0,"72":2,"73":2,"74":1,"75":1,"76":1,"77":1,"78":3,"79":0,"80":3,"81":3,"82":0,"83":3,"84":3,"85":3,"86":3,"87":0,"88":0,"89":2,"90":0,"91":2,"92":2,"93":0,"94":2,"95":0,"96":0,"97":0,"98":0,"99":0,"100":0,"101":0,"102":0,"103":0,"104":0,"105":0,"106":1},"f":{"0":1,"1":8,"2":0,"3":10,"4":9,"5":1,"6":0,"7":9,"8":2,"9":3,"10":2,"11":0,"12":0},"b":{"0":[0,8],"1":[0,8],"2":[0,10],"3":[0,10],"4":[0,0],"5":[0,10],"6":[10,0],"7":[10,5],"8":[9],"9":[0,9],"10":[0,9],"11":[0,1],"12":[0,1],"13":[0,0],"14":[0,0],"15":[0,0],"16":[0,0],"17":[0,9],"18":[0,9],"19":[2],"20":[0,2],"21":[1,1],"22":[3],"23":[0,3],"24":[0,3],"25":[3,1],"26":[0,2],"27":[0,2],"28":[0,0],"29":[0,0],"30":[0,0]},"meta":{"lastBranch":31,"lastFunction":13,"lastStatement":107,"seen":{"f:11:2:11:13":0,"s:12:4:12:Infinity":0,"s:13:4:13:Infinity":1,"s:14:4:14:Infinity":2,"s:15:4:15:Infinity":3,"f:22:8:22:18":1,"b:23:4:26:Infinity:undefined:undefined:undefined:undefined":0,"s:23:4:26:Infinity":4,"s:24:6:24:Infinity":5,"s:25:6:25:Infinity":6,"s:28:4:49:Infinity":7,"b:30:6:45:Infinity:43:13:45:Infinity":1,"s:30:6:45:Infinity":8,"s:31:22:31:Infinity":9,"s:32:8:34:Infinity":10,"s:36:8:39:Infinity":11,"f:36:31:36:32":2,"s:37:10:37:Infinity":12,"s:38:10:38:Infinity":13,"s:41:8:41:Infinity":14,"s:42:8:42:Infinity":15,"s:44:8:44:Infinity":16,"s:47:6:47:Infinity":17,"s:48:6:48:Infinity":18,"f:57:8:57:11":3,"b:58:4:58:Infinity:undefined:undefined:undefined:undefined":2,"s:58:4:58:Infinity":19,"s:58:23:58:Infinity":20,"s:60:4:78:Infinity":21,"b:61:6:64:Infinity:undefined:undefined:undefined:undefined":3,"s:61:6:64:Infinity":22,"s:62:22:62:Infinity":23,"s:63:8:63:Infinity":24,"b:63:23:63:40:63:43:63:Infinity":4,"s:67:18:67:Infinity":25,"b:68:6:72:Infinity:undefined:undefined:undefined:undefined":5,"s:68:6:72:Infinity":26,"b:68:10:68:13:68:17:68:33":6,"s:69:8:69:Infinity":27,"s:70:8:70:Infinity":28,"s:71:8:71:Infinity":29,"s:74:6:74:Infinity":30,"b:74:13:74:40:74:44:74:Infinity":7,"s:76:6:76:Infinity":31,"s:77:6:77:Infinity":32,"f:88:8:88:11":4,"b:88:30:88:47":8,"b:89:4:89:Infinity:undefined:undefined:undefined:undefined":9,"s:89:4:89:Infinity":33,"s:89:23:89:Infinity":34,"s:91:4:101:Infinity":35,"b:92:6:98:Infinity:94:13:98:Infinity":10,"s:92:6:98:Infinity":36,"s:93:8:93:Infinity":37,"s:96:8:96:Infinity":38,"s:97:8:97:Infinity":39,"s:100:6:100:Infinity":40,"f:109:8:109:11":5,"b:110:4:110:Infinity:undefined:undefined:undefined:undefined":11,"s:110:4:110:Infinity":41,"s:110:23:110:Infinity":42,"s:112:4:121:Infinity":43,"b:113:6:118:Infinity:115:13:118:Infinity":12,"s:113:6:118:Infinity":44,"s:114:8:114:Infinity":45,"s:116:8:116:Infinity":46,"s:117:8:117:Infinity":47,"s:120:6:120:Infinity":48,"f:129:8:129:18":6,"b:130:4:130:Infinity:undefined:undefined:undefined:undefined":13,"s:130:4:130:Infinity":49,"s:130:23:130:Infinity":50,"s:132:4:150:Infinity":51,"b:133:6:147:Infinity:138:13:147:Infinity":14,"s:133:6:147:Infinity":52,"s:134:21:134:Infinity":53,"b:135:8:137:Infinity:undefined:undefined:undefined:undefined":15,"s:135:8:137:Infinity":54,"s:136:10:136:Infinity":55,"s:140:22:140:Infinity":56,"s:141:8:146:Infinity":57,"b:142:10:145:Infinity:undefined:undefined:undefined:undefined":16,"s:142:10:145:Infinity":58,"s:143:12:143:Infinity":59,"s:144:12:144:Infinity":60,"s:149:6:149:Infinity":61,"f:157:8:157:13":7,"b:158:4:158:Infinity:undefined:undefined:undefined:undefined":17,"s:158:4:158:Infinity":62,"s:158:23:158:Infinity":63,"s:160:4:169:Infinity":64,"b:161:6:166:Infinity:163:13:166:Infinity":18,"s:161:6:166:Infinity":65,"s:162:8:162:Infinity":66,"s:164:8:164:Infinity":67,"s:165:8:165:Infinity":68,"s:168:6:168:Infinity":69,"f:179:8:179:16":8,"b:179:32:179:49":19,"b:180:4:182:Infinity:undefined:undefined:undefined:undefined":20,"s:180:4:182:Infinity":70,"s:181:6:181:Infinity":71,"s:184:19:184:Infinity":72,"b:185:4:187:Infinity:undefined:undefined:undefined:undefined":21,"s:185:4:187:Infinity":73,"s:186:6:186:Infinity":74,"s:189:18:189:Infinity":75,"s:190:4:190:Infinity":76,"s:192:4:192:Infinity":77,"f:201:8:201:17":9,"b:201:32:201:33":22,"b:202:4:202:Infinity:undefined:undefined:undefined:undefined":23,"s:202:4:202:Infinity":78,"s:202:23:202:Infinity":79,"s:204:4:216:Infinity":80,"b:205:6:207:Infinity:undefined:undefined:undefined:undefined":24,"s:205:6:207:Infinity":81,"s:206:8:206:Infinity":82,"s:209:22:209:Infinity":83,"b:209:22:209:49:209:53:209:Infinity":25,"s:210:23:210:Infinity":84,"s:211:6:211:Infinity":85,"s:212:6:212:Infinity":86,"s:214:6:214:Infinity":87,"s:215:6:215:Infinity":88,"f:224:8:224:14":10,"b:225:4:225:Infinity:undefined:undefined:undefined:undefined":26,"s:225:4:225:Infinity":89,"s:225:23:225:Infinity":90,"s:227:4:236:Infinity":91,"b:228:6:230:Infinity:undefined:undefined:undefined:undefined":27,"s:228:6:230:Infinity":92,"s:229:8:229:Infinity":93,"s:232:6:232:Infinity":94,"s:234:6:234:Infinity":95,"s:235:6:235:Infinity":96,"f:243:8:243:13":11,"b:244:4:246:Infinity:undefined:undefined:undefined:undefined":28,"s:244:4:246:Infinity":97,"s:245:6:245:Infinity":98,"f:253:2:253:16":12,"b:254:4:254:Infinity:undefined:undefined:undefined:undefined":29,"s:254:4:254:Infinity":99,"s:254:20:254:Infinity":100,"s:256:16:256:Infinity":101,"s:257:4:262:Infinity":102,"b:258:6:261:Infinity:undefined:undefined:undefined:undefined":30,"s:258:6:261:Infinity":103,"s:259:8:259:Infinity":104,"s:260:8:260:Infinity":105,"s:267:21:267:Infinity":106}}}
,"/Users/steffanhalvorsen/Desktop/git/coralpen/core/services/PostService.mjs": {"path":"/Users/steffanhalvorsen/Desktop/git/coralpen/core/services/PostService.mjs","statementMap":{"0":{"start":{"line":10,"column":4},"end":{"line":10,"column":null}},"1":{"start":{"line":11,"column":4},"end":{"line":11,"column":null}},"2":{"start":{"line":12,"column":4},"end":{"line":12,"column":null}},"3":{"start":{"line":21,"column":4},"end":{"line":27,"column":null}},"4":{"start":{"line":22,"column":6},"end":{"line":26,"column":null}},"5":{"start":{"line":23,"column":8},"end":{"line":23,"column":null}},"6":{"start":{"line":25,"column":8},"end":{"line":25,"column":null}},"7":{"start":{"line":28,"column":4},"end":{"line":28,"column":null}},"8":{"start":{"line":37,"column":4},"end":{"line":37,"column":null}},"9":{"start":{"line":37,"column":66},"end":{"line":37,"column":88}},"10":{"start":{"line":47,"column":4},"end":{"line":61,"column":null}},"11":{"start":{"line":48,"column":6},"end":{"line":51,"column":null}},"12":{"start":{"line":49,"column":32},"end":{"line":49,"column":null}},"13":{"start":{"line":49,"column":47},"end":{"line":49,"column":77}},"14":{"start":{"line":50,"column":8},"end":{"line":50,"column":null}},"15":{"start":{"line":53,"column":21},"end":{"line":58,"column":null}},"16":{"start":{"line":56,"column":10},"end":{"line":56,"column":null}},"17":{"start":{"line":57,"column":10},"end":{"line":57,"column":null}},"18":{"start":{"line":60,"column":6},"end":{"line":60,"column":null}},"19":{"start":{"line":63,"column":4},"end":{"line":63,"column":null}},"20":{"start":{"line":72,"column":16},"end":{"line":72,"column":null}},"21":{"start":{"line":74,"column":4},"end":{"line":96,"column":null}},"22":{"start":{"line":75,"column":6},"end":{"line":84,"column":null}},"23":{"start":{"line":76,"column":22},"end":{"line":76,"column":null}},"24":{"start":{"line":77,"column":8},"end":{"line":80,"column":null}},"25":{"start":{"line":78,"column":10},"end":{"line":78,"column":null}},"26":{"start":{"line":79,"column":10},"end":{"line":79,"column":null}},"27":{"start":{"line":81,"column":8},"end":{"line":83,"column":null}},"28":{"start":{"line":82,"column":10},"end":{"line":82,"column":null}},"29":{"start":{"line":85,"column":11},"end":{"line":96,"column":null}},"30":{"start":{"line":86,"column":6},"end":{"line":95,"column":null}},"31":{"start":{"line":87,"column":22},"end":{"line":87,"column":null}},"32":{"start":{"line":88,"column":8},"end":{"line":91,"column":null}},"33":{"start":{"line":89,"column":10},"end":{"line":89,"column":null}},"34":{"start":{"line":90,"column":10},"end":{"line":90,"column":null}},"35":{"start":{"line":92,"column":8},"end":{"line":94,"column":null}},"36":{"start":{"line":93,"column":10},"end":{"line":93,"column":null}},"37":{"start":{"line":98,"column":4},"end":{"line":98,"column":null}},"38":{"start":{"line":108,"column":4},"end":{"line":108,"column":null}},"39":{"start":{"line":108,"column":38},"end":{"line":108,"column":null}},"40":{"start":{"line":110,"column":20},"end":{"line":110,"column":null}},"41":{"start":{"line":110,"column":37},"end":{"line":110,"column":41}},"42":{"start":{"line":111,"column":26},"end":{"line":113,"column":null}},"43":{"start":{"line":115,"column":20},"end":{"line":115,"column":null}},"44":{"start":{"line":115,"column":57},"end":{"line":115,"column":66}},"45":{"start":{"line":116,"column":4},"end":{"line":118,"column":null}},"46":{"start":{"line":117,"column":6},"end":{"line":117,"column":null}},"47":{"start":{"line":117,"column":31},"end":{"line":117,"column":55}},"48":{"start":{"line":120,"column":18},"end":{"line":120,"column":null}},"49":{"start":{"line":122,"column":20},"end":{"line":122,"column":null}},"50":{"start":{"line":122,"column":45},"end":{"line":122,"column":54}},"51":{"start":{"line":123,"column":24},"end":{"line":123,"column":null}},"52":{"start":{"line":125,"column":4},"end":{"line":133,"column":null}},"53":{"start":{"line":126,"column":6},"end":{"line":128,"column":null}},"54":{"start":{"line":127,"column":8},"end":{"line":127,"column":null}},"55":{"start":{"line":129,"column":19},"end":{"line":129,"column":null}},"56":{"start":{"line":130,"column":6},"end":{"line":132,"column":null}},"57":{"start":{"line":131,"column":8},"end":{"line":131,"column":null}},"58":{"start":{"line":135,"column":4},"end":{"line":147,"column":null}},"59":{"start":{"line":136,"column":24},"end":{"line":136,"column":null}},"60":{"start":{"line":137,"column":25},"end":{"line":137,"column":null}},"61":{"start":{"line":139,"column":6},"end":{"line":144,"column":null}},"62":{"start":{"line":140,"column":8},"end":{"line":142,"column":null}},"63":{"start":{"line":141,"column":10},"end":{"line":141,"column":null}},"64":{"start":{"line":143,"column":8},"end":{"line":143,"column":null}},"65":{"start":{"line":146,"column":6},"end":{"line":146,"column":null}},"66":{"start":{"line":157,"column":4},"end":{"line":157,"column":null}},"67":{"start":{"line":157,"column":15},"end":{"line":157,"column":null}},"68":{"start":{"line":159,"column":20},"end":{"line":159,"column":null}},"69":{"start":{"line":160,"column":4},"end":{"line":160,"column":null}},"70":{"start":{"line":185,"column":8},"end":{"line":185,"column":null}},"71":{"start":{"line":187,"column":16},"end":{"line":191,"column":null}},"72":{"start":{"line":194,"column":4},"end":{"line":196,"column":null}},"73":{"start":{"line":195,"column":6},"end":{"line":195,"column":null}},"74":{"start":{"line":198,"column":18},"end":{"line":198,"column":null}},"75":{"start":{"line":199,"column":4},"end":{"line":199,"column":null}},"76":{"start":{"line":209,"column":17},"end":{"line":209,"column":null}},"77":{"start":{"line":211,"column":4},"end":{"line":211,"column":null}},"78":{"start":{"line":211,"column":15},"end":{"line":211,"column":null}},"79":{"start":{"line":213,"column":4},"end":{"line":213,"column":null}},"80":{"start":{"line":224,"column":17},"end":{"line":224,"column":null}},"81":{"start":{"line":226,"column":4},"end":{"line":226,"column":null}},"82":{"start":{"line":226,"column":15},"end":{"line":226,"column":null}},"83":{"start":{"line":228,"column":4},"end":{"line":228,"column":null}},"84":{"start":{"line":238,"column":83},"end":{"line":238,"column":null}},"85":{"start":{"line":241,"column":21},"end":{"line":248,"column":null}},"86":{"start":{"line":251,"column":4},"end":{"line":254,"column":null}},"87":{"start":{"line":257,"column":4},"end":{"line":267,"column":null}},"88":{"start":{"line":258,"column":26},"end":{"line":262,"column":null}},"89":{"start":{"line":258,"column":70},"end":{"line":262,"column":7}},"90":{"start":{"line":264,"column":6},"end":{"line":266,"column":null}},"91":{"start":{"line":265,"column":8},"end":{"line":265,"column":null}},"92":{"start":{"line":270,"column":4},"end":{"line":272,"column":null}},"93":{"start":{"line":271,"column":6},"end":{"line":271,"column":null}},"94":{"start":{"line":274,"column":4},"end":{"line":274,"column":null}},"95":{"start":{"line":284,"column":72},"end":{"line":284,"column":null}},"96":{"start":{"line":286,"column":23},"end":{"line":286,"column":null}},"97":{"start":{"line":287,"column":4},"end":{"line":287,"column":null}},"98":{"start":{"line":287,"column":29},"end":{"line":287,"column":null}},"99":{"start":{"line":288,"column":4},"end":{"line":288,"column":null}},"100":{"start":{"line":288,"column":28},"end":{"line":288,"column":null}},"101":{"start":{"line":289,"column":4},"end":{"line":289,"column":null}},"102":{"start":{"line":289,"column":31},"end":{"line":289,"column":null}},"103":{"start":{"line":290,"column":4},"end":{"line":290,"column":null}},"104":{"start":{"line":290,"column":31},"end":{"line":290,"column":null}},"105":{"start":{"line":291,"column":4},"end":{"line":291,"column":null}},"106":{"start":{"line":291,"column":30},"end":{"line":291,"column":null}},"107":{"start":{"line":293,"column":4},"end":{"line":295,"column":null}},"108":{"start":{"line":294,"column":6},"end":{"line":294,"column":null}},"109":{"start":{"line":298,"column":4},"end":{"line":300,"column":null}},"110":{"start":{"line":299,"column":6},"end":{"line":299,"column":null}},"111":{"start":{"line":303,"column":4},"end":{"line":306,"column":null}},"112":{"start":{"line":304,"column":6},"end":{"line":304,"column":null}},"113":{"start":{"line":305,"column":6},"end":{"line":305,"column":null}},"114":{"start":{"line":315,"column":4},"end":{"line":315,"column":null}},"115":{"start":{"line":316,"column":4},"end":{"line":316,"column":null}},"116":{"start":{"line":317,"column":4},"end":{"line":317,"column":null}},"117":{"start":{"line":318,"column":4},"end":{"line":318,"column":null}},"118":{"start":{"line":328,"column":25},"end":{"line":330,"column":null}},"119":{"start":{"line":332,"column":24},"end":{"line":332,"column":null}},"120":{"start":{"line":332,"column":56},"end":{"line":332,"column":82}},"121":{"start":{"line":334,"column":4},"end":{"line":349,"column":null}},"122":{"start":{"line":335,"column":25},"end":{"line":335,"column":null}},"123":{"start":{"line":336,"column":23},"end":{"line":336,"column":null}},"124":{"start":{"line":338,"column":6},"end":{"line":348,"column":null}},"125":{"start":{"line":339,"column":8},"end":{"line":343,"column":null}},"126":{"start":{"line":344,"column":13},"end":{"line":348,"column":null}},"127":{"start":{"line":345,"column":8},"end":{"line":347,"column":null}},"128":{"start":{"line":359,"column":20},"end":{"line":359,"column":null}},"129":{"start":{"line":361,"column":4},"end":{"line":368,"column":null}},"130":{"start":{"line":362,"column":22},"end":{"line":365,"column":null}},"131":{"start":{"line":362,"column":47},"end":{"line":365,"column":7}},"132":{"start":{"line":367,"column":6},"end":{"line":367,"column":null}},"133":{"start":{"line":379,"column":47},"end":{"line":379,"column":null}},"134":{"start":{"line":381,"column":4},"end":{"line":381,"column":null}},"135":{"start":{"line":381,"column":30},"end":{"line":381,"column":null}},"136":{"start":{"line":383,"column":22},"end":{"line":383,"column":null}},"137":{"start":{"line":384,"column":23},"end":{"line":384,"column":null}},"138":{"start":{"line":386,"column":4},"end":{"line":439,"column":null}},"139":{"start":{"line":387,"column":44},"end":{"line":387,"column":null}},"140":{"start":{"line":389,"column":23},"end":{"line":389,"column":null}},"141":{"start":{"line":391,"column":6},"end":{"line":432,"column":null}},"142":{"start":{"line":393,"column":10},"end":{"line":393,"column":null}},"143":{"start":{"line":394,"column":10},"end":{"line":394,"column":null}},"144":{"start":{"line":396,"column":10},"end":{"line":396,"column":null}},"145":{"start":{"line":397,"column":10},"end":{"line":397,"column":null}},"146":{"start":{"line":402,"column":10},"end":{"line":402,"column":null}},"147":{"start":{"line":403,"column":10},"end":{"line":403,"column":null}},"148":{"start":{"line":405,"column":10},"end":{"line":405,"column":null}},"149":{"start":{"line":406,"column":10},"end":{"line":406,"column":null}},"150":{"start":{"line":408,"column":10},"end":{"line":408,"column":null}},"151":{"start":{"line":409,"column":10},"end":{"line":409,"column":null}},"152":{"start":{"line":411,"column":10},"end":{"line":416,"column":null}},"153":{"start":{"line":412,"column":12},"end":{"line":415,"column":null}},"154":{"start":{"line":414,"column":31},"end":{"line":414,"column":54}},"155":{"start":{"line":417,"column":10},"end":{"line":417,"column":null}},"156":{"start":{"line":419,"column":10},"end":{"line":424,"column":null}},"157":{"start":{"line":420,"column":12},"end":{"line":423,"column":null}},"158":{"start":{"line":422,"column":31},"end":{"line":422,"column":54}},"159":{"start":{"line":425,"column":10},"end":{"line":425,"column":null}},"160":{"start":{"line":428,"column":10},"end":{"line":428,"column":null}},"161":{"start":{"line":430,"column":10},"end":{"line":430,"column":null}},"162":{"start":{"line":431,"column":10},"end":{"line":431,"column":null}},"163":{"start":{"line":434,"column":6},"end":{"line":438,"column":null}},"164":{"start":{"line":435,"column":8},"end":{"line":435,"column":null}},"165":{"start":{"line":437,"column":8},"end":{"line":437,"column":null}},"166":{"start":{"line":441,"column":4},"end":{"line":441,"column":null}},"167":{"start":{"line":450,"column":69},"end":{"line":450,"column":null}},"168":{"start":{"line":452,"column":16},"end":{"line":452,"column":null}},"169":{"start":{"line":454,"column":4},"end":{"line":456,"column":null}},"170":{"start":{"line":455,"column":6},"end":{"line":455,"column":null}},"171":{"start":{"line":458,"column":19},"end":{"line":458,"column":null}},"172":{"start":{"line":459,"column":4},"end":{"line":459,"column":null}}},"fnMap":{"0":{"name":"(anonymous_0)","decl":{"start":{"line":9,"column":2},"end":{"line":9,"column":13}},"loc":{"start":{"line":9,"column":23},"end":{"line":13,"column":null}},"line":9},"1":{"name":"(anonymous_1)","decl":{"start":{"line":20,"column":2},"end":{"line":20,"column":11}},"loc":{"start":{"line":20,"column":19},"end":{"line":29,"column":null}},"line":20},"2":{"name":"(anonymous_2)","decl":{"start":{"line":36,"column":2},"end":{"line":36,"column":10}},"loc":{"start":{"line":36,"column":16},"end":{"line":38,"column":null}},"line":36},"3":{"name":"(anonymous_3)","decl":{"start":{"line":37,"column":54},"end":{"line":37,"column":55}},"loc":{"start":{"line":37,"column":66},"end":{"line":37,"column":88}},"line":37},"4":{"name":"(anonymous_4)","decl":{"start":{"line":46,"column":2},"end":{"line":46,"column":17}},"loc":{"start":{"line":46,"column":36},"end":{"line":64,"column":null}},"line":46},"5":{"name":"(anonymous_5)","decl":{"start":{"line":49,"column":40},"end":{"line":49,"column":41}},"loc":{"start":{"line":49,"column":47},"end":{"line":49,"column":77}},"line":49},"6":{"name":"(anonymous_6)","decl":{"start":{"line":55,"column":16},"end":{"line":55,"column":17}},"loc":{"start":{"line":55,"column":30},"end":{"line":58,"column":9}},"line":55},"7":{"name":"(anonymous_7)","decl":{"start":{"line":71,"column":8},"end":{"line":71,"column":22}},"loc":{"start":{"line":71,"column":35},"end":{"line":99,"column":null}},"line":71},"8":{"name":"(anonymous_8)","decl":{"start":{"line":107,"column":8},"end":{"line":107,"column":26}},"loc":{"start":{"line":107,"column":39},"end":{"line":148,"column":null}},"line":107},"9":{"name":"(anonymous_9)","decl":{"start":{"line":110,"column":30},"end":{"line":110,"column":31}},"loc":{"start":{"line":110,"column":37},"end":{"line":110,"column":41}},"line":110},"10":{"name":"(anonymous_10)","decl":{"start":{"line":115,"column":50},"end":{"line":115,"column":51}},"loc":{"start":{"line":115,"column":57},"end":{"line":115,"column":66}},"line":115},"11":{"name":"(anonymous_11)","decl":{"start":{"line":117,"column":23},"end":{"line":117,"column":24}},"loc":{"start":{"line":117,"column":31},"end":{"line":117,"column":55}},"line":117},"12":{"name":"(anonymous_12)","decl":{"start":{"line":122,"column":38},"end":{"line":122,"column":39}},"loc":{"start":{"line":122,"column":45},"end":{"line":122,"column":54}},"line":122},"13":{"name":"(anonymous_13)","decl":{"start":{"line":135,"column":21},"end":{"line":135,"column":22}},"loc":{"start":{"line":135,"column":31},"end":{"line":147,"column":5}},"line":135},"14":{"name":"(anonymous_14)","decl":{"start":{"line":156,"column":8},"end":{"line":156,"column":22}},"loc":{"start":{"line":156,"column":34},"end":{"line":161,"column":null}},"line":156},"15":{"name":"(anonymous_15)","decl":{"start":{"line":176,"column":8},"end":{"line":176,"column":16}},"loc":{"start":{"line":176,"column":31},"end":{"line":200,"column":null}},"line":176},"16":{"name":"(anonymous_16)","decl":{"start":{"line":208,"column":8},"end":{"line":208,"column":19}},"loc":{"start":{"line":208,"column":29},"end":{"line":214,"column":null}},"line":208},"17":{"name":"(anonymous_17)","decl":{"start":{"line":223,"column":8},"end":{"line":223,"column":21}},"loc":{"start":{"line":223,"column":44},"end":{"line":229,"column":null}},"line":223},"18":{"name":"(anonymous_18)","decl":{"start":{"line":237,"column":8},"end":{"line":237,"column":18}},"loc":{"start":{"line":237,"column":33},"end":{"line":275,"column":null}},"line":237},"19":{"name":"(anonymous_19)","decl":{"start":{"line":258,"column":51},"end":{"line":258,"column":52}},"loc":{"start":{"line":258,"column":70},"end":{"line":262,"column":7}},"line":258},"20":{"name":"(anonymous_20)","decl":{"start":{"line":283,"column":8},"end":{"line":283,"column":18}},"loc":{"start":{"line":283,"column":29},"end":{"line":307,"column":null}},"line":283},"21":{"name":"(anonymous_21)","decl":{"start":{"line":314,"column":8},"end":{"line":314,"column":18}},"loc":{"start":{"line":314,"column":23},"end":{"line":319,"column":null}},"line":314},"22":{"name":"(anonymous_22)","decl":{"start":{"line":327,"column":8},"end":{"line":327,"column":22}},"loc":{"start":{"line":327,"column":37},"end":{"line":350,"column":null}},"line":327},"23":{"name":"(anonymous_23)","decl":{"start":{"line":332,"column":49},"end":{"line":332,"column":50}},"loc":{"start":{"line":332,"column":56},"end":{"line":332,"column":82}},"line":332},"24":{"name":"(anonymous_24)","decl":{"start":{"line":358,"column":8},"end":{"line":358,"column":24}},"loc":{"start":{"line":358,"column":45},"end":{"line":369,"column":null}},"line":358},"25":{"name":"(anonymous_25)","decl":{"start":{"line":362,"column":34},"end":{"line":362,"column":35}},"loc":{"start":{"line":362,"column":47},"end":{"line":365,"column":7}},"line":362},"26":{"name":"(anonymous_26)","decl":{"start":{"line":378,"column":8},"end":{"line":378,"column":22}},"loc":{"start":{"line":378,"column":56},"end":{"line":442,"column":null}},"line":378},"27":{"name":"(anonymous_27)","decl":{"start":{"line":414,"column":24},"end":{"line":414,"column":25}},"loc":{"start":{"line":414,"column":31},"end":{"line":414,"column":54}},"line":414},"28":{"name":"(anonymous_28)","decl":{"start":{"line":422,"column":24},"end":{"line":422,"column":25}},"loc":{"start":{"line":422,"column":31},"end":{"line":422,"column":54}},"line":422},"29":{"name":"(anonymous_29)","decl":{"start":{"line":449,"column":8},"end":{"line":449,"column":20}},"loc":{"start":{"line":449,"column":30},"end":{"line":460,"column":null}},"line":449}},"branchMap":{"0":{"loc":{"start":{"line":21,"column":4},"end":{"line":27,"column":null}},"type":"if","locations":[{"start":{"line":21,"column":4},"end":{"line":27,"column":null}},{"start":{},"end":{}}],"line":21},"1":{"loc":{"start":{"line":46,"column":23},"end":{"line":46,"column":34}},"type":"default-arg","locations":[{"start":{"line":46,"column":30},"end":{"line":46,"column":34}}],"line":46},"2":{"loc":{"start":{"line":47,"column":4},"end":{"line":61,"column":null}},"type":"if","locations":[{"start":{"line":47,"column":4},"end":{"line":61,"column":null}},{"start":{},"end":{}}],"line":47},"3":{"loc":{"start":{"line":47,"column":8},"end":{"line":47,"column":38}},"type":"binary-expr","locations":[{"start":{"line":47,"column":8},"end":{"line":47,"column":11}},{"start":{"line":47,"column":15},"end":{"line":47,"column":38}}],"line":47},"4":{"loc":{"start":{"line":48,"column":6},"end":{"line":51,"column":null}},"type":"if","locations":[{"start":{"line":48,"column":6},"end":{"line":51,"column":null}},{"start":{},"end":{}}],"line":48},"5":{"loc":{"start":{"line":50,"column":15},"end":{"line":50,"column":null}},"type":"cond-expr","locations":[{"start":{"line":50,"column":22},"end":{"line":50,"column":53}},{"start":{"line":50,"column":56},"end":{"line":50,"column":null}}],"line":50},"6":{"loc":{"start":{"line":60,"column":13},"end":{"line":60,"column":null}},"type":"cond-expr","locations":[{"start":{"line":60,"column":20},"end":{"line":60,"column":42}},{"start":{"line":60,"column":45},"end":{"line":60,"column":null}}],"line":60},"7":{"loc":{"start":{"line":74,"column":4},"end":{"line":96,"column":null}},"type":"if","locations":[{"start":{"line":74,"column":4},"end":{"line":96,"column":null}},{"start":{"line":85,"column":11},"end":{"line":96,"column":null}}],"line":74},"8":{"loc":{"start":{"line":74,"column":8},"end":{"line":74,"column":67}},"type":"binary-expr","locations":[{"start":{"line":74,"column":8},"end":{"line":74,"column":38}},{"start":{"line":74,"column":42},"end":{"line":74,"column":67}}],"line":74},"9":{"loc":{"start":{"line":77,"column":8},"end":{"line":80,"column":null}},"type":"if","locations":[{"start":{"line":77,"column":8},"end":{"line":80,"column":null}},{"start":{},"end":{}}],"line":77},"10":{"loc":{"start":{"line":82,"column":18},"end":{"line":82,"column":34}},"type":"binary-expr","locations":[{"start":{"line":82,"column":18},"end":{"line":82,"column":26}},{"start":{"line":82,"column":30},"end":{"line":82,"column":34}}],"line":82},"11":{"loc":{"start":{"line":85,"column":11},"end":{"line":96,"column":null}},"type":"if","locations":[{"start":{"line":85,"column":11},"end":{"line":96,"column":null}},{"start":{},"end":{}}],"line":85},"12":{"loc":{"start":{"line":88,"column":8},"end":{"line":91,"column":null}},"type":"if","locations":[{"start":{"line":88,"column":8},"end":{"line":91,"column":null}},{"start":{},"end":{}}],"line":88},"13":{"loc":{"start":{"line":93,"column":18},"end":{"line":93,"column":34}},"type":"binary-expr","locations":[{"start":{"line":93,"column":18},"end":{"line":93,"column":26}},{"start":{"line":93,"column":30},"end":{"line":93,"column":34}}],"line":93},"14":{"loc":{"start":{"line":108,"column":4},"end":{"line":108,"column":null}},"type":"if","locations":[{"start":{"line":108,"column":4},"end":{"line":108,"column":null}},{"start":{},"end":{}}],"line":108},"15":{"loc":{"start":{"line":108,"column":8},"end":{"line":108,"column":36}},"type":"binary-expr","locations":[{"start":{"line":108,"column":8},"end":{"line":108,"column":14}},{"start":{"line":108,"column":18},"end":{"line":108,"column":36}}],"line":108},"16":{"loc":{"start":{"line":116,"column":4},"end":{"line":118,"column":null}},"type":"if","locations":[{"start":{"line":116,"column":4},"end":{"line":118,"column":null}},{"start":{},"end":{}}],"line":116},"17":{"loc":{"start":{"line":126,"column":6},"end":{"line":128,"column":null}},"type":"if","locations":[{"start":{"line":126,"column":6},"end":{"line":128,"column":null}},{"start":{},"end":{}}],"line":126},"18":{"loc":{"start":{"line":130,"column":6},"end":{"line":132,"column":null}},"type":"if","locations":[{"start":{"line":130,"column":6},"end":{"line":132,"column":null}},{"start":{},"end":{}}],"line":130},"19":{"loc":{"start":{"line":136,"column":24},"end":{"line":136,"column":null}},"type":"binary-expr","locations":[{"start":{"line":136,"column":24},"end":{"line":136,"column":48}},{"start":{"line":136,"column":52},"end":{"line":136,"column":null}}],"line":136},"20":{"loc":{"start":{"line":140,"column":8},"end":{"line":142,"column":null}},"type":"if","locations":[{"start":{"line":140,"column":8},"end":{"line":142,"column":null}},{"start":{},"end":{}}],"line":140},"21":{"loc":{"start":{"line":157,"column":4},"end":{"line":157,"column":null}},"type":"if","locations":[{"start":{"line":157,"column":4},"end":{"line":157,"column":null}},{"start":{},"end":{}}],"line":157},"22":{"loc":{"start":{"line":178,"column":6},"end":{"line":178,"column":24}},"type":"default-arg","locations":[{"start":{"line":178,"column":18},"end":{"line":178,"column":24}}],"line":178},"23":{"loc":{"start":{"line":179,"column":6},"end":{"line":179,"column":26}},"type":"default-arg","locations":[{"start":{"line":179,"column":15},"end":{"line":179,"column":26}}],"line":179},"24":{"loc":{"start":{"line":180,"column":6},"end":{"line":180,"column":16}},"type":"default-arg","locations":[{"start":{"line":180,"column":14},"end":{"line":180,"column":16}}],"line":180},"25":{"loc":{"start":{"line":181,"column":6},"end":{"line":181,"column":16}},"type":"default-arg","locations":[{"start":{"line":181,"column":15},"end":{"line":181,"column":16}}],"line":181},"26":{"loc":{"start":{"line":182,"column":6},"end":{"line":182,"column":28}},"type":"default-arg","locations":[{"start":{"line":182,"column":16},"end":{"line":182,"column":28}}],"line":182},"27":{"loc":{"start":{"line":183,"column":6},"end":{"line":183,"column":20}},"type":"default-arg","locations":[{"start":{"line":183,"column":14},"end":{"line":183,"column":20}}],"line":183},"28":{"loc":{"start":{"line":194,"column":4},"end":{"line":196,"column":null}},"type":"if","locations":[{"start":{"line":194,"column":4},"end":{"line":196,"column":null}},{"start":{},"end":{}}],"line":194},"29":{"loc":{"start":{"line":211,"column":4},"end":{"line":211,"column":null}},"type":"if","locations":[{"start":{"line":211,"column":4},"end":{"line":211,"column":null}},{"start":{},"end":{}}],"line":211},"30":{"loc":{"start":{"line":226,"column":4},"end":{"line":226,"column":null}},"type":"if","locations":[{"start":{"line":226,"column":4},"end":{"line":226,"column":null}},{"start":{},"end":{}}],"line":226},"31":{"loc":{"start":{"line":243,"column":12},"end":{"line":243,"column":53}},"type":"binary-expr","locations":[{"start":{"line":243,"column":12},"end":{"line":243,"column":16}},{"start":{"line":243,"column":20},"end":{"line":243,"column":53}}],"line":243},"32":{"loc":{"start":{"line":244,"column":15},"end":{"line":244,"column":28}},"type":"binary-expr","locations":[{"start":{"line":244,"column":15},"end":{"line":244,"column":22}},{"start":{"line":244,"column":26},"end":{"line":244,"column":28}}],"line":244},"33":{"loc":{"start":{"line":245,"column":15},"end":{"line":245,"column":28}},"type":"binary-expr","locations":[{"start":{"line":245,"column":15},"end":{"line":245,"column":22}},{"start":{"line":245,"column":26},"end":{"line":245,"column":28}}],"line":245},"34":{"loc":{"start":{"line":246,"column":14},"end":{"line":246,"column":31}},"type":"binary-expr","locations":[{"start":{"line":246,"column":14},"end":{"line":246,"column":20}},{"start":{"line":246,"column":24},"end":{"line":246,"column":31}}],"line":246},"35":{"loc":{"start":{"line":247,"column":17},"end":{"line":247,"column":null}},"type":"binary-expr","locations":[{"start":{"line":247,"column":17},"end":{"line":247,"column":26}},{"start":{"line":247,"column":30},"end":{"line":247,"column":null}}],"line":247},"36":{"loc":{"start":{"line":257,"column":4},"end":{"line":267,"column":null}},"type":"if","locations":[{"start":{"line":257,"column":4},"end":{"line":267,"column":null}},{"start":{},"end":{}}],"line":257},"37":{"loc":{"start":{"line":257,"column":8},"end":{"line":257,"column":40}},"type":"binary-expr","locations":[{"start":{"line":257,"column":8},"end":{"line":257,"column":12}},{"start":{"line":257,"column":16},"end":{"line":257,"column":40}}],"line":257},"38":{"loc":{"start":{"line":264,"column":6},"end":{"line":266,"column":null}},"type":"if","locations":[{"start":{"line":264,"column":6},"end":{"line":266,"column":null}},{"start":{},"end":{}}],"line":264},"39":{"loc":{"start":{"line":270,"column":4},"end":{"line":272,"column":null}},"type":"if","locations":[{"start":{"line":270,"column":4},"end":{"line":272,"column":null}},{"start":{},"end":{}}],"line":270},"40":{"loc":{"start":{"line":287,"column":4},"end":{"line":287,"column":null}},"type":"if","locations":[{"start":{"line":287,"column":4},"end":{"line":287,"column":null}},{"start":{},"end":{}}],"line":287},"41":{"loc":{"start":{"line":288,"column":4},"end":{"line":288,"column":null}},"type":"if","locations":[{"start":{"line":288,"column":4},"end":{"line":288,"column":null}},{"start":{},"end":{}}],"line":288},"42":{"loc":{"start":{"line":289,"column":4},"end":{"line":289,"column":null}},"type":"if","locations":[{"start":{"line":289,"column":4},"end":{"line":289,"column":null}},{"start":{},"end":{}}],"line":289},"43":{"loc":{"start":{"line":290,"column":4},"end":{"line":290,"column":null}},"type":"if","locations":[{"start":{"line":290,"column":4},"end":{"line":290,"column":null}},{"start":{},"end":{}}],"line":290},"44":{"loc":{"start":{"line":291,"column":4},"end":{"line":291,"column":null}},"type":"if","locations":[{"start":{"line":291,"column":4},"end":{"line":291,"column":null}},{"start":{},"end":{}}],"line":291},"45":{"loc":{"start":{"line":293,"column":4},"end":{"line":295,"column":null}},"type":"if","locations":[{"start":{"line":293,"column":4},"end":{"line":295,"column":null}},{"start":{},"end":{}}],"line":293},"46":{"loc":{"start":{"line":298,"column":4},"end":{"line":300,"column":null}},"type":"if","locations":[{"start":{"line":298,"column":4},"end":{"line":300,"column":null}},{"start":{},"end":{}}],"line":298},"47":{"loc":{"start":{"line":298,"column":8},"end":{"line":298,"column":40}},"type":"binary-expr","locations":[{"start":{"line":298,"column":8},"end":{"line":298,"column":12}},{"start":{"line":298,"column":16},"end":{"line":298,"column":40}}],"line":298},"48":{"loc":{"start":{"line":303,"column":4},"end":{"line":306,"column":null}},"type":"if","locations":[{"start":{"line":303,"column":4},"end":{"line":306,"column":null}},{"start":{},"end":{}}],"line":303},"49":{"loc":{"start":{"line":338,"column":6},"end":{"line":348,"column":null}},"type":"if","locations":[{"start":{"line":338,"column":6},"end":{"line":348,"column":null}},{"start":{"line":344,"column":13},"end":{"line":348,"column":null}}],"line":338},"50":{"loc":{"start":{"line":344,"column":13},"end":{"line":348,"column":null}},"type":"if","locations":[{"start":{"line":344,"column":13},"end":{"line":348,"column":null}},{"start":{},"end":{}}],"line":344},"51":{"loc":{"start":{"line":361,"column":4},"end":{"line":368,"column":null}},"type":"if","locations":[{"start":{"line":361,"column":4},"end":{"line":368,"column":null}},{"start":{},"end":{}}],"line":361},"52":{"loc":{"start":{"line":378,"column":41},"end":{"line":378,"column":54}},"type":"default-arg","locations":[{"start":{"line":378,"column":48},"end":{"line":378,"column":54}}],"line":378},"53":{"loc":{"start":{"line":379,"column":12},"end":{"line":379,"column":28}},"type":"default-arg","locations":[{"start":{"line":379,"column":23},"end":{"line":379,"column":28}}],"line":379},"54":{"loc":{"start":{"line":379,"column":30},"end":{"line":379,"column":42}},"type":"default-arg","locations":[{"start":{"line":379,"column":40},"end":{"line":379,"column":42}}],"line":379},"55":{"loc":{"start":{"line":381,"column":4},"end":{"line":381,"column":null}},"type":"if","locations":[{"start":{"line":381,"column":4},"end":{"line":381,"column":null}},{"start":{},"end":{}}],"line":381},"56":{"loc":{"start":{"line":387,"column":26},"end":{"line":387,"column":39}},"type":"default-arg","locations":[{"start":{"line":387,"column":36},"end":{"line":387,"column":39}}],"line":387},"57":{"loc":{"start":{"line":391,"column":6},"end":{"line":432,"column":null}},"type":"switch","locations":[{"start":{"line":392,"column":8},"end":{"line":394,"column":null}},{"start":{"line":395,"column":8},"end":{"line":397,"column":null}},{"start":{"line":398,"column":8},"end":{"line":398,"column":null}},{"start":{"line":399,"column":8},"end":{"line":399,"column":null}},{"start":{"line":400,"column":8},"end":{"line":400,"column":null}},{"start":{"line":401,"column":8},"end":{"line":403,"column":null}},{"start":{"line":404,"column":8},"end":{"line":406,"column":null}},{"start":{"line":407,"column":8},"end":{"line":409,"column":null}},{"start":{"line":410,"column":8},"end":{"line":417,"column":null}},{"start":{"line":418,"column":8},"end":{"line":425,"column":null}},{"start":{"line":426,"column":8},"end":{"line":428,"column":null}},{"start":{"line":429,"column":8},"end":{"line":431,"column":null}}],"line":391},"58":{"loc":{"start":{"line":411,"column":10},"end":{"line":416,"column":null}},"type":"if","locations":[{"start":{"line":411,"column":10},"end":{"line":416,"column":null}},{"start":{},"end":{}}],"line":411},"59":{"loc":{"start":{"line":419,"column":10},"end":{"line":424,"column":null}},"type":"if","locations":[{"start":{"line":419,"column":10},"end":{"line":424,"column":null}},{"start":{},"end":{}}],"line":419},"60":{"loc":{"start":{"line":434,"column":6},"end":{"line":438,"column":null}},"type":"if","locations":[{"start":{"line":434,"column":6},"end":{"line":438,"column":null}},{"start":{"line":436,"column":13},"end":{"line":438,"column":null}}],"line":434},"61":{"loc":{"start":{"line":450,"column":12},"end":{"line":450,"column":30}},"type":"default-arg","locations":[{"start":{"line":450,"column":24},"end":{"line":450,"column":30}}],"line":450},"62":{"loc":{"start":{"line":450,"column":32},"end":{"line":450,"column":52}},"type":"default-arg","locations":[{"start":{"line":450,"column":41},"end":{"line":450,"column":52}}],"line":450},"63":{"loc":{"start":{"line":454,"column":4},"end":{"line":456,"column":null}},"type":"if","locations":[{"start":{"line":454,"column":4},"end":{"line":456,"column":null}},{"start":{},"end":{}}],"line":454},"64":{"loc":{"start":{"line":459,"column":11},"end":{"line":459,"column":null}},"type":"binary-expr","locations":[{"start":{"line":459,"column":11},"end":{"line":459,"column":24}},{"start":{"line":459,"column":28},"end":{"line":459,"column":null}}],"line":459}},"s":{"0":11,"1":11,"2":11,"3":8,"4":4,"5":4,"6":2,"7":4,"8":1,"9":3,"10":16,"11":4,"12":1,"13":3,"14":1,"15":3,"16":7,"17":7,"18":3,"19":12,"20":3,"21":3,"22":0,"23":0,"24":0,"25":0,"26":0,"27":0,"28":0,"29":3,"30":2,"31":4,"32":4,"33":2,"34":2,"35":2,"36":4,"37":3,"38":0,"39":0,"40":0,"41":0,"42":0,"43":0,"44":0,"45":0,"46":0,"47":0,"48":0,"49":0,"50":0,"51":0,"52":0,"53":0,"54":0,"55":0,"56":0,"57":0,"58":0,"59":0,"60":0,"61":0,"62":0,"63":0,"64":0,"65":0,"66":0,"67":0,"68":0,"69":0,"70":0,"71":0,"72":0,"73":0,"74":0,"75":0,"76":0,"77":0,"78":0,"79":0,"80":0,"81":0,"82":0,"83":0,"84":0,"85":0,"86":0,"87":0,"88":0,"89":0,"90":0,"91":0,"92":0,"93":0,"94":0,"95":0,"96":0,"97":0,"98":0,"99":0,"100":0,"101":0,"102":0,"103":0,"104":0,"105":0,"106":0,"107":0,"108":0,"109":0,"110":0,"111":0,"112":0,"113":0,"114":0,"115":0,"116":0,"117":0,"118":0,"119":0,"120":0,"121":0,"122":0,"123":0,"124":0,"125":0,"126":0,"127":0,"128":0,"129":0,"130":0,"131":0,"132":0,"133":0,"134":0,"135":0,"136":0,"137":0,"138":0,"139":0,"140":0,"141":0,"142":0,"143":0,"144":0,"145":0,"146":0,"147":0,"148":0,"149":0,"150":0,"151":0,"152":0,"153":0,"154":0,"155":0,"156":0,"157":0,"158":0,"159":0,"160":0,"161":0,"162":0,"163":0,"164":0,"165":0,"166":0,"167":0,"168":0,"169":0,"170":0,"171":0,"172":0},"f":{"0":11,"1":8,"2":1,"3":3,"4":16,"5":3,"6":7,"7":3,"8":0,"9":0,"10":0,"11":0,"12":0,"13":0,"14":0,"15":0,"16":0,"17":0,"18":0,"19":0,"20":0,"21":0,"22":0,"23":0,"24":0,"25":0,"26":0,"27":0,"28":0,"29":0},"b":{"0":[4,4],"1":[16],"2":[4,12],"3":[16,15],"4":[1,3],"5":[1,0],"6":[2,1],"7":[0,3],"8":[3,2],"9":[0,0],"10":[0,0],"11":[2,1],"12":[2,2],"13":[4,2],"14":[0,0],"15":[0,0],"16":[0,0],"17":[0,0],"18":[0,0],"19":[0,0],"20":[0,0],"21":[0,0],"22":[0],"23":[0],"24":[0],"25":[0],"26":[0],"27":[0],"28":[0,0],"29":[0,0],"30":[0,0],"31":[0,0],"32":[0,0],"33":[0,0],"34":[0,0],"35":[0,0],"36":[0,0],"37":[0,0],"38":[0,0],"39":[0,0],"40":[0,0],"41":[0,0],"42":[0,0],"43":[0,0],"44":[0,0],"45":[0,0],"46":[0,0],"47":[0,0],"48":[0,0],"49":[0,0],"50":[0,0],"51":[0,0],"52":[0],"53":[0],"54":[0],"55":[0,0],"56":[0],"57":[0,0,0,0,0,0,0,0,0,0,0,0],"58":[0,0],"59":[0,0],"60":[0,0],"61":[0],"62":[0],"63":[0,0],"64":[0,0]},"meta":{"lastBranch":65,"lastFunction":30,"lastStatement":173,"seen":{"f:9:2:9:13":0,"s:10:4:10:Infinity":0,"s:11:4:11:Infinity":1,"s:12:4:12:Infinity":2,"f:20:2:20:11":1,"b:21:4:27:Infinity:undefined:undefined:undefined:undefined":0,"s:21:4:27:Infinity":3,"s:22:6:26:Infinity":4,"s:23:8:23:Infinity":5,"s:25:8:25:Infinity":6,"s:28:4:28:Infinity":7,"f:36:2:36:10":2,"s:37:4:37:Infinity":8,"f:37:54:37:55":3,"s:37:66:37:88":9,"f:46:2:46:17":4,"b:46:30:46:34":1,"b:47:4:61:Infinity:undefined:undefined:undefined:undefined":2,"s:47:4:61:Infinity":10,"b:47:8:47:11:47:15:47:38":3,"b:48:6:51:Infinity:undefined:undefined:undefined:undefined":4,"s:48:6:51:Infinity":11,"s:49:32:49:Infinity":12,"f:49:40:49:41":5,"s:49:47:49:77":13,"s:50:8:50:Infinity":14,"b:50:22:50:53:50:56:50:Infinity":5,"s:53:21:58:Infinity":15,"f:55:16:55:17":6,"s:56:10:56:Infinity":16,"s:57:10:57:Infinity":17,"s:60:6:60:Infinity":18,"b:60:20:60:42:60:45:60:Infinity":6,"s:63:4:63:Infinity":19,"f:71:8:71:22":7,"s:72:16:72:Infinity":20,"b:74:4:96:Infinity:85:11:96:Infinity":7,"s:74:4:96:Infinity":21,"b:74:8:74:38:74:42:74:67":8,"s:75:6:84:Infinity":22,"s:76:22:76:Infinity":23,"b:77:8:80:Infinity:undefined:undefined:undefined:undefined":9,"s:77:8:80:Infinity":24,"s:78:10:78:Infinity":25,"s:79:10:79:Infinity":26,"s:81:8:83:Infinity":27,"s:82:10:82:Infinity":28,"b:82:18:82:26:82:30:82:34":10,"b:85:11:96:Infinity:undefined:undefined:undefined:undefined":11,"s:85:11:96:Infinity":29,"s:86:6:95:Infinity":30,"s:87:22:87:Infinity":31,"b:88:8:91:Infinity:undefined:undefined:undefined:undefined":12,"s:88:8:91:Infinity":32,"s:89:10:89:Infinity":33,"s:90:10:90:Infinity":34,"s:92:8:94:Infinity":35,"s:93:10:93:Infinity":36,"b:93:18:93:26:93:30:93:34":13,"s:98:4:98:Infinity":37,"f:107:8:107:26":8,"b:108:4:108:Infinity:undefined:undefined:undefined:undefined":14,"s:108:4:108:Infinity":38,"b:108:8:108:14:108:18:108:36":15,"s:108:38:108:Infinity":39,"s:110:20:110:Infinity":40,"f:110:30:110:31":9,"s:110:37:110:41":41,"s:111:26:113:Infinity":42,"s:115:20:115:Infinity":43,"f:115:50:115:51":10,"s:115:57:115:66":44,"b:116:4:118:Infinity:undefined:undefined:undefined:undefined":16,"s:116:4:118:Infinity":45,"s:117:6:117:Infinity":46,"f:117:23:117:24":11,"s:117:31:117:55":47,"s:120:18:120:Infinity":48,"s:122:20:122:Infinity":49,"f:122:38:122:39":12,"s:122:45:122:54":50,"s:123:24:123:Infinity":51,"s:125:4:133:Infinity":52,"b:126:6:128:Infinity:undefined:undefined:undefined:undefined":17,"s:126:6:128:Infinity":53,"s:127:8:127:Infinity":54,"s:129:19:129:Infinity":55,"b:130:6:132:Infinity:undefined:undefined:undefined:undefined":18,"s:130:6:132:Infinity":56,"s:131:8:131:Infinity":57,"s:135:4:147:Infinity":58,"f:135:21:135:22":13,"s:136:24:136:Infinity":59,"b:136:24:136:48:136:52:136:Infinity":19,"s:137:25:137:Infinity":60,"s:139:6:144:Infinity":61,"b:140:8:142:Infinity:undefined:undefined:undefined:undefined":20,"s:140:8:142:Infinity":62,"s:141:10:141:Infinity":63,"s:143:8:143:Infinity":64,"s:146:6:146:Infinity":65,"f:156:8:156:22":14,"b:157:4:157:Infinity:undefined:undefined:undefined:undefined":21,"s:157:4:157:Infinity":66,"s:157:15:157:Infinity":67,"s:159:20:159:Infinity":68,"s:160:4:160:Infinity":69,"f:176:8:176:16":15,"s:185:8:185:Infinity":70,"b:178:18:178:24":22,"b:179:15:179:26":23,"b:180:14:180:16":24,"b:181:15:181:16":25,"b:182:16:182:28":26,"b:183:14:183:20":27,"s:187:16:191:Infinity":71,"b:194:4:196:Infinity:undefined:undefined:undefined:undefined":28,"s:194:4:196:Infinity":72,"s:195:6:195:Infinity":73,"s:198:18:198:Infinity":74,"s:199:4:199:Infinity":75,"f:208:8:208:19":16,"s:209:17:209:Infinity":76,"b:211:4:211:Infinity:undefined:undefined:undefined:undefined":29,"s:211:4:211:Infinity":77,"s:211:15:211:Infinity":78,"s:213:4:213:Infinity":79,"f:223:8:223:21":17,"s:224:17:224:Infinity":80,"b:226:4:226:Infinity:undefined:undefined:undefined:undefined":30,"s:226:4:226:Infinity":81,"s:226:15:226:Infinity":82,"s:228:4:228:Infinity":83,"f:237:8:237:18":18,"s:238:83:238:Infinity":84,"s:241:21:248:Infinity":85,"b:243:12:243:16:243:20:243:53":31,"b:244:15:244:22:244:26:244:28":32,"b:245:15:245:22:245:26:245:28":33,"b:246:14:246:20:246:24:246:31":34,"b:247:17:247:26:247:30:247:Infinity":35,"s:251:4:254:Infinity":86,"b:257:4:267:Infinity:undefined:undefined:undefined:undefined":36,"s:257:4:267:Infinity":87,"b:257:8:257:12:257:16:257:40":37,"s:258:26:262:Infinity":88,"f:258:51:258:52":19,"s:258:70:262:7":89,"b:264:6:266:Infinity:undefined:undefined:undefined:undefined":38,"s:264:6:266:Infinity":90,"s:265:8:265:Infinity":91,"b:270:4:272:Infinity:undefined:undefined:undefined:undefined":39,"s:270:4:272:Infinity":92,"s:271:6:271:Infinity":93,"s:274:4:274:Infinity":94,"f:283:8:283:18":20,"s:284:72:284:Infinity":95,"s:286:23:286:Infinity":96,"b:287:4:287:Infinity:undefined:undefined:undefined:undefined":40,"s:287:4:287:Infinity":97,"s:287:29:287:Infinity":98,"b:288:4:288:Infinity:undefined:undefined:undefined:undefined":41,"s:288:4:288:Infinity":99,"s:288:28:288:Infinity":100,"b:289:4:289:Infinity:undefined:undefined:undefined:undefined":42,"s:289:4:289:Infinity":101,"s:289:31:289:Infinity":102,"b:290:4:290:Infinity:undefined:undefined:undefined:undefined":43,"s:290:4:290:Infinity":103,"s:290:31:290:Infinity":104,"b:291:4:291:Infinity:undefined:undefined:undefined:undefined":44,"s:291:4:291:Infinity":105,"s:291:30:291:Infinity":106,"b:293:4:295:Infinity:undefined:undefined:undefined:undefined":45,"s:293:4:295:Infinity":107,"s:294:6:294:Infinity":108,"b:298:4:300:Infinity:undefined:undefined:undefined:undefined":46,"s:298:4:300:Infinity":109,"b:298:8:298:12:298:16:298:40":47,"s:299:6:299:Infinity":110,"b:303:4:306:Infinity:undefined:undefined:undefined:undefined":48,"s:303:4:306:Infinity":111,"s:304:6:304:Infinity":112,"s:305:6:305:Infinity":113,"f:314:8:314:18":21,"s:315:4:315:Infinity":114,"s:316:4:316:Infinity":115,"s:317:4:317:Infinity":116,"s:318:4:318:Infinity":117,"f:327:8:327:22":22,"s:328:25:330:Infinity":118,"s:332:24:332:Infinity":119,"f:332:49:332:50":23,"s:332:56:332:82":120,"s:334:4:349:Infinity":121,"s:335:25:335:Infinity":122,"s:336:23:336:Infinity":123,"b:338:6:348:Infinity:344:13:348:Infinity":49,"s:338:6:348:Infinity":124,"s:339:8:343:Infinity":125,"b:344:13:348:Infinity:undefined:undefined:undefined:undefined":50,"s:344:13:348:Infinity":126,"s:345:8:347:Infinity":127,"f:358:8:358:24":24,"s:359:20:359:Infinity":128,"b:361:4:368:Infinity:undefined:undefined:undefined:undefined":51,"s:361:4:368:Infinity":129,"s:362:22:365:Infinity":130,"f:362:34:362:35":25,"s:362:47:365:7":131,"s:367:6:367:Infinity":132,"f:378:8:378:22":26,"b:378:48:378:54":52,"s:379:47:379:Infinity":133,"b:379:23:379:28":53,"b:379:40:379:42":54,"b:381:4:381:Infinity:undefined:undefined:undefined:undefined":55,"s:381:4:381:Infinity":134,"s:381:30:381:Infinity":135,"s:383:22:383:Infinity":136,"s:384:23:384:Infinity":137,"s:386:4:439:Infinity":138,"s:387:44:387:Infinity":139,"b:387:36:387:39":56,"s:389:23:389:Infinity":140,"b:392:8:394:Infinity:395:8:397:Infinity:398:8:398:Infinity:399:8:399:Infinity:400:8:400:Infinity:401:8:403:Infinity:404:8:406:Infinity:407:8:409:Infinity:410:8:417:Infinity:418:8:425:Infinity:426:8:428:Infinity:429:8:431:Infinity":57,"s:391:6:432:Infinity":141,"s:393:10:393:Infinity":142,"s:394:10:394:Infinity":143,"s:396:10:396:Infinity":144,"s:397:10:397:Infinity":145,"s:402:10:402:Infinity":146,"s:403:10:403:Infinity":147,"s:405:10:405:Infinity":148,"s:406:10:406:Infinity":149,"s:408:10:408:Infinity":150,"s:409:10:409:Infinity":151,"b:411:10:416:Infinity:undefined:undefined:undefined:undefined":58,"s:411:10:416:Infinity":152,"s:412:12:415:Infinity":153,"f:414:24:414:25":27,"s:414:31:414:54":154,"s:417:10:417:Infinity":155,"b:419:10:424:Infinity:undefined:undefined:undefined:undefined":59,"s:419:10:424:Infinity":156,"s:420:12:423:Infinity":157,"f:422:24:422:25":28,"s:422:31:422:54":158,"s:425:10:425:Infinity":159,"s:428:10:428:Infinity":160,"s:430:10:430:Infinity":161,"s:431:10:431:Infinity":162,"b:434:6:438:Infinity:436:13:438:Infinity":60,"s:434:6:438:Infinity":163,"s:435:8:435:Infinity":164,"s:437:8:437:Infinity":165,"s:441:4:441:Infinity":166,"f:449:8:449:20":29,"s:450:69:450:Infinity":167,"b:450:24:450:30":61,"b:450:41:450:52":62,"s:452:16:452:Infinity":168,"b:454:4:456:Infinity:undefined:undefined:undefined:undefined":63,"s:454:4:456:Infinity":169,"s:455:6:455:Infinity":170,"s:458:19:458:Infinity":171,"s:459:4:459:Infinity":172,"b:459:11:459:24:459:28:459:Infinity":64}}}
,"/Users/steffanhalvorsen/Desktop/git/coralpen/core/services/UserService.mjs": {"path":"/Users/steffanhalvorsen/Desktop/git/coralpen/core/services/UserService.mjs","statementMap":{"0":{"start":{"line":12,"column":4},"end":{"line":12,"column":null}},"1":{"start":{"line":13,"column":4},"end":{"line":13,"column":null}},"2":{"start":{"line":14,"column":4},"end":{"line":14,"column":null}},"3":{"start":{"line":23,"column":53},"end":{"line":23,"column":null}},"4":{"start":{"line":25,"column":16},"end":{"line":25,"column":null}},"5":{"start":{"line":27,"column":4},"end":{"line":32,"column":null}},"6":{"start":{"line":28,"column":6},"end":{"line":31,"column":null}},"7":{"start":{"line":34,"column":4},"end":{"line":41,"column":null}},"8":{"start":{"line":35,"column":6},"end":{"line":40,"column":null}},"9":{"start":{"line":36,"column":8},"end":{"line":39,"column":null}},"10":{"start":{"line":43,"column":4},"end":{"line":43,"column":null}},"11":{"start":{"line":52,"column":4},"end":{"line":55,"column":null}},"12":{"start":{"line":64,"column":4},"end":{"line":64,"column":null}},"13":{"start":{"line":73,"column":4},"end":{"line":73,"column":null}},"14":{"start":{"line":82,"column":56},"end":{"line":82,"column":null}},"15":{"start":{"line":84,"column":27},"end":{"line":84,"column":null}},"16":{"start":{"line":86,"column":21},"end":{"line":91,"column":null}},"17":{"start":{"line":94,"column":27},"end":{"line":94,"column":null}},"18":{"start":{"line":96,"column":4},"end":{"line":101,"column":null}},"19":{"start":{"line":97,"column":6},"end":{"line":100,"column":null}},"20":{"start":{"line":103,"column":4},"end":{"line":103,"column":null}},"21":{"start":{"line":113,"column":56},"end":{"line":113,"column":null}},"22":{"start":{"line":115,"column":23},"end":{"line":115,"column":null}},"23":{"start":{"line":116,"column":4},"end":{"line":116,"column":null}},"24":{"start":{"line":116,"column":32},"end":{"line":116,"column":null}},"25":{"start":{"line":117,"column":4},"end":{"line":117,"column":null}},"26":{"start":{"line":117,"column":29},"end":{"line":117,"column":null}},"27":{"start":{"line":118,"column":4},"end":{"line":118,"column":null}},"28":{"start":{"line":118,"column":36},"end":{"line":118,"column":null}},"29":{"start":{"line":120,"column":4},"end":{"line":122,"column":null}},"30":{"start":{"line":121,"column":6},"end":{"line":121,"column":null}},"31":{"start":{"line":124,"column":4},"end":{"line":126,"column":null}},"32":{"start":{"line":125,"column":6},"end":{"line":125,"column":null}},"33":{"start":{"line":136,"column":4},"end":{"line":136,"column":null}},"34":{"start":{"line":137,"column":4},"end":{"line":137,"column":null}},"35":{"start":{"line":138,"column":4},"end":{"line":138,"column":null}},"36":{"start":{"line":139,"column":4},"end":{"line":139,"column":null}},"37":{"start":{"line":142,"column":4},"end":{"line":142,"column":null}},"38":{"start":{"line":152,"column":4},"end":{"line":152,"column":null}},"39":{"start":{"line":161,"column":4},"end":{"line":164,"column":null}},"40":{"start":{"line":174,"column":21},"end":{"line":174,"column":null}},"41":{"start":{"line":176,"column":4},"end":{"line":181,"column":null}},"42":{"start":{"line":177,"column":6},"end":{"line":180,"column":null}},"43":{"start":{"line":191,"column":4},"end":{"line":191,"column":null}},"44":{"start":{"line":201,"column":17},"end":{"line":201,"column":null}},"45":{"start":{"line":203,"column":4},"end":{"line":203,"column":null}},"46":{"start":{"line":203,"column":15},"end":{"line":203,"column":null}},"47":{"start":{"line":205,"column":4},"end":{"line":209,"column":null}},"48":{"start":{"line":206,"column":6},"end":{"line":206,"column":null}},"49":{"start":{"line":208,"column":6},"end":{"line":208,"column":null}},"50":{"start":{"line":220,"column":22},"end":{"line":220,"column":null}},"51":{"start":{"line":222,"column":21},"end":{"line":222,"column":null}},"52":{"start":{"line":224,"column":4},"end":{"line":234,"column":null}},"53":{"start":{"line":225,"column":6},"end":{"line":227,"column":null}},"54":{"start":{"line":229,"column":6},"end":{"line":233,"column":null}},"55":{"start":{"line":243,"column":21},"end":{"line":243,"column":null}},"56":{"start":{"line":245,"column":16},"end":{"line":245,"column":null}},"57":{"start":{"line":247,"column":4},"end":{"line":252,"column":null}},"58":{"start":{"line":248,"column":6},"end":{"line":251,"column":null}},"59":{"start":{"line":254,"column":19},"end":{"line":254,"column":null}},"60":{"start":{"line":255,"column":4},"end":{"line":255,"column":null}}},"fnMap":{"0":{"name":"(anonymous_0)","decl":{"start":{"line":11,"column":2},"end":{"line":11,"column":13}},"loc":{"start":{"line":11,"column":23},"end":{"line":15,"column":null}},"line":11},"1":{"name":"(anonymous_1)","decl":{"start":{"line":22,"column":8},"end":{"line":22,"column":16}},"loc":{"start":{"line":22,"column":31},"end":{"line":44,"column":null}},"line":22},"2":{"name":"(anonymous_2)","decl":{"start":{"line":35,"column":26},"end":{"line":35,"column":27}},"loc":{"start":{"line":35,"column":39},"end":{"line":40,"column":7}},"line":35},"3":{"name":"(anonymous_3)","decl":{"start":{"line":51,"column":8},"end":{"line":51,"column":19}},"loc":{"start":{"line":51,"column":24},"end":{"line":56,"column":null}},"line":51},"4":{"name":"(anonymous_4)","decl":{"start":{"line":63,"column":8},"end":{"line":63,"column":22}},"loc":{"start":{"line":63,"column":30},"end":{"line":65,"column":null}},"line":63},"5":{"name":"(anonymous_5)","decl":{"start":{"line":72,"column":8},"end":{"line":72,"column":25}},"loc":{"start":{"line":72,"column":36},"end":{"line":74,"column":null}},"line":72},"6":{"name":"(anonymous_6)","decl":{"start":{"line":81,"column":8},"end":{"line":81,"column":18}},"loc":{"start":{"line":81,"column":25},"end":{"line":104,"column":null}},"line":81},"7":{"name":"(anonymous_7)","decl":{"start":{"line":112,"column":8},"end":{"line":112,"column":18}},"loc":{"start":{"line":112,"column":29},"end":{"line":127,"column":null}},"line":112},"8":{"name":"(anonymous_8)","decl":{"start":{"line":134,"column":8},"end":{"line":134,"column":18}},"loc":{"start":{"line":134,"column":23},"end":{"line":143,"column":null}},"line":134},"9":{"name":"(anonymous_9)","decl":{"start":{"line":151,"column":8},"end":{"line":151,"column":22}},"loc":{"start":{"line":151,"column":39},"end":{"line":153,"column":null}},"line":151},"10":{"name":"(anonymous_10)","decl":{"start":{"line":160,"column":8},"end":{"line":160,"column":20}},"loc":{"start":{"line":160,"column":29},"end":{"line":165,"column":null}},"line":160},"11":{"name":"(anonymous_11)","decl":{"start":{"line":173,"column":8},"end":{"line":173,"column":18}},"loc":{"start":{"line":173,"column":35},"end":{"line":182,"column":null}},"line":173},"12":{"name":"(anonymous_12)","decl":{"start":{"line":190,"column":8},"end":{"line":190,"column":18}},"loc":{"start":{"line":190,"column":35},"end":{"line":192,"column":null}},"line":190},"13":{"name":"(anonymous_13)","decl":{"start":{"line":200,"column":8},"end":{"line":200,"column":19}},"loc":{"start":{"line":200,"column":33},"end":{"line":210,"column":null}},"line":200},"14":{"name":"(anonymous_14)","decl":{"start":{"line":219,"column":8},"end":{"line":219,"column":19}},"loc":{"start":{"line":219,"column":40},"end":{"line":235,"column":null}},"line":219},"15":{"name":"(anonymous_15)","decl":{"start":{"line":242,"column":8},"end":{"line":242,"column":20}},"loc":{"start":{"line":242,"column":35},"end":{"line":256,"column":null}},"line":242}},"branchMap":{"0":{"loc":{"start":{"line":22,"column":17},"end":{"line":22,"column":29}},"type":"default-arg","locations":[{"start":{"line":22,"column":27},"end":{"line":22,"column":29}}],"line":22},"1":{"loc":{"start":{"line":23,"column":12},"end":{"line":23,"column":22}},"type":"default-arg","locations":[{"start":{"line":23,"column":20},"end":{"line":23,"column":22}}],"line":23},"2":{"loc":{"start":{"line":23,"column":24},"end":{"line":23,"column":34}},"type":"default-arg","locations":[{"start":{"line":23,"column":33},"end":{"line":23,"column":34}}],"line":23},"3":{"loc":{"start":{"line":27,"column":4},"end":{"line":32,"column":null}},"type":"if","locations":[{"start":{"line":27,"column":4},"end":{"line":32,"column":null}},{"start":{},"end":{}}],"line":27},"4":{"loc":{"start":{"line":34,"column":4},"end":{"line":41,"column":null}},"type":"if","locations":[{"start":{"line":34,"column":4},"end":{"line":41,"column":null}},{"start":{},"end":{}}],"line":34},"5":{"loc":{"start":{"line":90,"column":20},"end":{"line":90,"column":null}},"type":"binary-expr","locations":[{"start":{"line":90,"column":20},"end":{"line":90,"column":32}},{"start":{"line":90,"column":36},"end":{"line":90,"column":null}}],"line":90},"6":{"loc":{"start":{"line":96,"column":4},"end":{"line":101,"column":null}},"type":"if","locations":[{"start":{"line":96,"column":4},"end":{"line":101,"column":null}},{"start":{},"end":{}}],"line":96},"7":{"loc":{"start":{"line":116,"column":4},"end":{"line":116,"column":null}},"type":"if","locations":[{"start":{"line":116,"column":4},"end":{"line":116,"column":null}},{"start":{},"end":{}}],"line":116},"8":{"loc":{"start":{"line":117,"column":4},"end":{"line":117,"column":null}},"type":"if","locations":[{"start":{"line":117,"column":4},"end":{"line":117,"column":null}},{"start":{},"end":{}}],"line":117},"9":{"loc":{"start":{"line":118,"column":4},"end":{"line":118,"column":null}},"type":"if","locations":[{"start":{"line":118,"column":4},"end":{"line":118,"column":null}},{"start":{},"end":{}}],"line":118},"10":{"loc":{"start":{"line":120,"column":4},"end":{"line":122,"column":null}},"type":"if","locations":[{"start":{"line":120,"column":4},"end":{"line":122,"column":null}},{"start":{},"end":{}}],"line":120},"11":{"loc":{"start":{"line":124,"column":4},"end":{"line":126,"column":null}},"type":"if","locations":[{"start":{"line":124,"column":4},"end":{"line":126,"column":null}},{"start":{},"end":{}}],"line":124},"12":{"loc":{"start":{"line":176,"column":4},"end":{"line":181,"column":null}},"type":"if","locations":[{"start":{"line":176,"column":4},"end":{"line":181,"column":null}},{"start":{},"end":{}}],"line":176},"13":{"loc":{"start":{"line":203,"column":4},"end":{"line":203,"column":null}},"type":"if","locations":[{"start":{"line":203,"column":4},"end":{"line":203,"column":null}},{"start":{},"end":{}}],"line":203},"14":{"loc":{"start":{"line":220,"column":22},"end":{"line":220,"column":null}},"type":"cond-expr","locations":[{"start":{"line":220,"column":50},"end":{"line":220,"column":71}},{"start":{"line":220,"column":74},"end":{"line":220,"column":null}}],"line":220},"15":{"loc":{"start":{"line":224,"column":4},"end":{"line":234,"column":null}},"type":"if","locations":[{"start":{"line":224,"column":4},"end":{"line":234,"column":null}},{"start":{"line":228,"column":11},"end":{"line":234,"column":null}}],"line":224},"16":{"loc":{"start":{"line":242,"column":21},"end":{"line":242,"column":33}},"type":"default-arg","locations":[{"start":{"line":242,"column":31},"end":{"line":242,"column":33}}],"line":242},"17":{"loc":{"start":{"line":247,"column":4},"end":{"line":252,"column":null}},"type":"if","locations":[{"start":{"line":247,"column":4},"end":{"line":252,"column":null}},{"start":{},"end":{}}],"line":247},"18":{"loc":{"start":{"line":255,"column":11},"end":{"line":255,"column":null}},"type":"binary-expr","locations":[{"start":{"line":255,"column":11},"end":{"line":255,"column":24}},{"start":{"line":255,"column":28},"end":{"line":255,"column":null}}],"line":255}},"s":{"0":2,"1":2,"2":2,"3":0,"4":0,"5":0,"6":0,"7":0,"8":0,"9":0,"10":0,"11":0,"12":0,"13":0,"14":0,"15":0,"16":0,"17":0,"18":0,"19":0,"20":0,"21":0,"22":0,"23":0,"24":0,"25":0,"26":0,"27":0,"28":0,"29":0,"30":0,"31":0,"32":0,"33":0,"34":0,"35":0,"36":0,"37":0,"38":2,"39":0,"40":0,"41":0,"42":0,"43":0,"44":0,"45":0,"46":0,"47":0,"48":0,"49":0,"50":0,"51":0,"52":0,"53":0,"54":0,"55":0,"56":0,"57":0,"58":0,"59":0,"60":0},"f":{"0":2,"1":0,"2":0,"3":0,"4":0,"5":0,"6":0,"7":0,"8":0,"9":2,"10":0,"11":0,"12":0,"13":0,"14":0,"15":0},"b":{"0":[0],"1":[0],"2":[0],"3":[0,0],"4":[0,0],"5":[0,0],"6":[0,0],"7":[0,0],"8":[0,0],"9":[0,0],"10":[0,0],"11":[0,0],"12":[0,0],"13":[0,0],"14":[0,0],"15":[0,0],"16":[0],"17":[0,0],"18":[0,0]},"meta":{"lastBranch":19,"lastFunction":16,"lastStatement":61,"seen":{"f:11:2:11:13":0,"s:12:4:12:Infinity":0,"s:13:4:13:Infinity":1,"s:14:4:14:Infinity":2,"f:22:8:22:16":1,"b:22:27:22:29":0,"s:23:53:23:Infinity":3,"b:23:20:23:22":1,"b:23:33:23:34":2,"s:25:16:25:Infinity":4,"b:27:4:32:Infinity:undefined:undefined:undefined:undefined":3,"s:27:4:32:Infinity":5,"s:28:6:31:Infinity":6,"b:34:4:41:Infinity:undefined:undefined:undefined:undefined":4,"s:34:4:41:Infinity":7,"s:35:6:40:Infinity":8,"f:35:26:35:27":2,"s:36:8:39:Infinity":9,"s:43:4:43:Infinity":10,"f:51:8:51:19":3,"s:52:4:55:Infinity":11,"f:63:8:63:22":4,"s:64:4:64:Infinity":12,"f:72:8:72:25":5,"s:73:4:73:Infinity":13,"f:81:8:81:18":6,"s:82:56:82:Infinity":14,"s:84:27:84:Infinity":15,"s:86:21:91:Infinity":16,"b:90:20:90:32:90:36:90:Infinity":5,"s:94:27:94:Infinity":17,"b:96:4:101:Infinity:undefined:undefined:undefined:undefined":6,"s:96:4:101:Infinity":18,"s:97:6:100:Infinity":19,"s:103:4:103:Infinity":20,"f:112:8:112:18":7,"s:113:56:113:Infinity":21,"s:115:23:115:Infinity":22,"b:116:4:116:Infinity:undefined:undefined:undefined:undefined":7,"s:116:4:116:Infinity":23,"s:116:32:116:Infinity":24,"b:117:4:117:Infinity:undefined:undefined:undefined:undefined":8,"s:117:4:117:Infinity":25,"s:117:29:117:Infinity":26,"b:118:4:118:Infinity:undefined:undefined:undefined:undefined":9,"s:118:4:118:Infinity":27,"s:118:36:118:Infinity":28,"b:120:4:122:Infinity:undefined:undefined:undefined:undefined":10,"s:120:4:122:Infinity":29,"s:121:6:121:Infinity":30,"b:124:4:126:Infinity:undefined:undefined:undefined:undefined":11,"s:124:4:126:Infinity":31,"s:125:6:125:Infinity":32,"f:134:8:134:18":8,"s:136:4:136:Infinity":33,"s:137:4:137:Infinity":34,"s:138:4:138:Infinity":35,"s:139:4:139:Infinity":36,"s:142:4:142:Infinity":37,"f:151:8:151:22":9,"s:152:4:152:Infinity":38,"f:160:8:160:20":10,"s:161:4:164:Infinity":39,"f:173:8:173:18":11,"s:174:21:174:Infinity":40,"b:176:4:181:Infinity:undefined:undefined:undefined:undefined":12,"s:176:4:181:Infinity":41,"s:177:6:180:Infinity":42,"f:190:8:190:18":12,"s:191:4:191:Infinity":43,"f:200:8:200:19":13,"s:201:17:201:Infinity":44,"b:203:4:203:Infinity:undefined:undefined:undefined:undefined":13,"s:203:4:203:Infinity":45,"s:203:15:203:Infinity":46,"s:205:4:209:Infinity":47,"s:206:6:206:Infinity":48,"s:208:6:208:Infinity":49,"f:219:8:219:19":14,"s:220:22:220:Infinity":50,"b:220:50:220:71:220:74:220:Infinity":14,"s:222:21:222:Infinity":51,"b:224:4:234:Infinity:228:11:234:Infinity":15,"s:224:4:234:Infinity":52,"s:225:6:227:Infinity":53,"s:229:6:233:Infinity":54,"f:242:8:242:20":15,"b:242:31:242:33":16,"s:243:21:243:Infinity":55,"s:245:16:245:Infinity":56,"b:247:4:252:Infinity:undefined:undefined:undefined:undefined":17,"s:247:4:252:Infinity":57,"s:248:6:251:Infinity":58,"s:254:19:254:Infinity":59,"s:255:4:255:Infinity":60,"b:255:11:255:24:255:28:255:Infinity":18}}}
,"/Users/steffanhalvorsen/Desktop/git/coralpen/core/utils/constants.mjs": {"path":"/Users/steffanhalvorsen/Desktop/git/coralpen/core/utils/constants.mjs","statementMap":{"0":{"start":{"line":11,"column":27},"end":{"line":23,"column":null}},"1":{"start":{"line":29,"column":27},"end":{"line":35,"column":null}},"2":{"start":{"line":37,"column":35},"end":{"line":37,"column":null}},"3":{"start":{"line":43,"column":26},"end":{"line":50,"column":null}},"4":{"start":{"line":56,"column":28},"end":{"line":100,"column":null}},"5":{"start":{"line":106,"column":29},"end":{"line":109,"column":null}},"6":{"start":{"line":121,"column":39},"end":{"line":126,"column":null}},"7":{"start":{"line":132,"column":40},"end":{"line":138,"column":null}},"8":{"start":{"line":133,"column":19},"end":{"line":133,"column":null}},"9":{"start":{"line":134,"column":2},"end":{"line":136,"column":null}},"10":{"start":{"line":135,"column":4},"end":{"line":135,"column":null}},"11":{"start":{"line":137,"column":2},"end":{"line":137,"column":null}},"12":{"start":{"line":137,"column":40},"end":{"line":137,"column":64}},"13":{"start":{"line":140,"column":26},"end":{"line":158,"column":null}},"14":{"start":{"line":164,"column":28},"end":{"line":167,"column":null}},"15":{"start":{"line":169,"column":37},"end":{"line":176,"column":null}},"16":{"start":{"line":178,"column":29},"end":{"line":178,"column":null}},"17":{"start":{"line":184,"column":27},"end":{"line":191,"column":null}},"18":{"start":{"line":197,"column":26},"end":{"line":201,"column":null}},"19":{"start":{"line":207,"column":27},"end":{"line":213,"column":null}},"20":{"start":{"line":219,"column":25},"end":{"line":224,"column":null}},"21":{"start":{"line":226,"column":26},"end":{"line":235,"column":null}},"22":{"start":{"line":232,"column":33},"end":{"line":232,"column":null}},"23":{"start":{"line":233,"column":22},"end":{"line":233,"column":null}},"24":{"start":{"line":234,"column":22},"end":{"line":234,"column":null}},"25":{"start":{"line":241,"column":31},"end":{"line":246,"column":null}},"26":{"start":{"line":252,"column":31},"end":{"line":255,"column":null}},"27":{"start":{"line":261,"column":29},"end":{"line":267,"column":null}},"28":{"start":{"line":269,"column":26},"end":{"line":305,"column":null}},"29":{"start":{"line":307,"column":28},"end":{"line":332,"column":null}},"30":{"start":{"line":338,"column":27},"end":{"line":352,"column":null}},"31":{"start":{"line":358,"column":36},"end":{"line":368,"column":null}},"32":{"start":{"line":374,"column":26},"end":{"line":379,"column":null}},"33":{"start":{"line":385,"column":27},"end":{"line":422,"column":null}},"34":{"start":{"line":424,"column":30},"end":{"line":439,"column":null}},"35":{"start":{"line":445,"column":28},"end":{"line":449,"column":null}},"36":{"start":{"line":451,"column":29},"end":{"line":451,"column":null}},"37":{"start":{"line":452,"column":30},"end":{"line":452,"column":null}},"38":{"start":{"line":453,"column":23},"end":{"line":453,"column":null}},"39":{"start":{"line":459,"column":21},"end":{"line":468,"column":null}},"40":{"start":{"line":474,"column":28},"end":{"line":476,"column":null}},"41":{"start":{"line":478,"column":35},"end":{"line":478,"column":null}},"42":{"start":{"line":484,"column":21},"end":{"line":487,"column":null}},"43":{"start":{"line":493,"column":31},"end":{"line":493,"column":null}},"44":{"start":{"line":499,"column":28},"end":{"line":504,"column":null}},"45":{"start":{"line":510,"column":30},"end":{"line":516,"column":null}},"46":{"start":{"line":522,"column":25},"end":{"line":531,"column":null}}},"fnMap":{"0":{"name":"(anonymous_0)","decl":{"start":{"line":132,"column":40},"end":{"line":132,"column":46}},"loc":{"start":{"line":132,"column":46},"end":{"line":138,"column":null}},"line":132},"1":{"name":"(anonymous_1)","decl":{"start":{"line":137,"column":33},"end":{"line":137,"column":40}},"loc":{"start":{"line":137,"column":40},"end":{"line":137,"column":64}},"line":137},"2":{"name":"(anonymous_2)","decl":{"start":{"line":232,"column":21},"end":{"line":232,"column":22}},"loc":{"start":{"line":232,"column":33},"end":{"line":232,"column":null}},"line":232},"3":{"name":"(anonymous_3)","decl":{"start":{"line":233,"column":8},"end":{"line":233,"column":9}},"loc":{"start":{"line":233,"column":22},"end":{"line":233,"column":null}},"line":233},"4":{"name":"(anonymous_4)","decl":{"start":{"line":234,"column":8},"end":{"line":234,"column":9}},"loc":{"start":{"line":234,"column":22},"end":{"line":234,"column":null}},"line":234}},"branchMap":{"0":{"loc":{"start":{"line":107,"column":26},"end":{"line":107,"column":65}},"type":"binary-expr","locations":[{"start":{"line":107,"column":26},"end":{"line":107,"column":55}},{"start":{"line":107,"column":55},"end":{"line":107,"column":65}}],"line":107},"1":{"loc":{"start":{"line":134,"column":2},"end":{"line":136,"column":null}},"type":"if","locations":[{"start":{"line":134,"column":2},"end":{"line":136,"column":null}},{"start":{},"end":{}}],"line":134},"2":{"loc":{"start":{"line":134,"column":6},"end":{"line":134,"column":43}},"type":"binary-expr","locations":[{"start":{"line":134,"column":6},"end":{"line":134,"column":19}},{"start":{"line":134,"column":19},"end":{"line":134,"column":43}}],"line":134},"3":{"loc":{"start":{"line":165,"column":16},"end":{"line":165,"column":null}},"type":"binary-expr","locations":[{"start":{"line":165,"column":16},"end":{"line":165,"column":46}},{"start":{"line":165,"column":46},"end":{"line":165,"column":null}}],"line":165},"4":{"loc":{"start":{"line":166,"column":17},"end":{"line":166,"column":null}},"type":"binary-expr","locations":[{"start":{"line":166,"column":17},"end":{"line":166,"column":57}},{"start":{"line":166,"column":57},"end":{"line":166,"column":null}}],"line":166},"5":{"loc":{"start":{"line":178,"column":38},"end":{"line":178,"column":71}},"type":"binary-expr","locations":[{"start":{"line":178,"column":38},"end":{"line":178,"column":67}},{"start":{"line":178,"column":67},"end":{"line":178,"column":71}}],"line":178},"6":{"loc":{"start":{"line":208,"column":16},"end":{"line":208,"column":null}},"type":"binary-expr","locations":[{"start":{"line":208,"column":16},"end":{"line":208,"column":44}},{"start":{"line":208,"column":44},"end":{"line":208,"column":null}}],"line":208},"7":{"loc":{"start":{"line":463,"column":15},"end":{"line":463,"column":null}},"type":"binary-expr","locations":[{"start":{"line":463,"column":15},"end":{"line":463,"column":41}},{"start":{"line":463,"column":41},"end":{"line":463,"column":null}}],"line":463},"8":{"loc":{"start":{"line":485,"column":8},"end":{"line":485,"column":null}},"type":"binary-expr","locations":[{"start":{"line":485,"column":8},"end":{"line":485,"column":34}},{"start":{"line":485,"column":34},"end":{"line":485,"column":null}}],"line":485},"9":{"loc":{"start":{"line":493,"column":40},"end":{"line":493,"column":74}},"type":"binary-expr","locations":[{"start":{"line":493,"column":40},"end":{"line":493,"column":71}},{"start":{"line":493,"column":71},"end":{"line":493,"column":74}}],"line":493}},"s":{"0":2,"1":2,"2":2,"3":2,"4":2,"5":2,"6":2,"7":2,"8":0,"9":0,"10":0,"11":0,"12":0,"13":2,"14":2,"15":2,"16":2,"17":2,"18":2,"19":2,"20":2,"21":2,"22":0,"23":0,"24":0,"25":2,"26":2,"27":2,"28":2,"29":2,"30":2,"31":2,"32":2,"33":2,"34":2,"35":2,"36":2,"37":2,"38":2,"39":2,"40":2,"41":2,"42":2,"43":2,"44":2,"45":2,"46":2},"f":{"0":0,"1":0,"2":0,"3":0,"4":0},"b":{"0":[2,2],"1":[0,0],"2":[0,0],"3":[2,2],"4":[2,2],"5":[2,2],"6":[2,2],"7":[2,2],"8":[2,2],"9":[2,2]},"meta":{"lastBranch":10,"lastFunction":5,"lastStatement":47,"seen":{"s:11:27:23:Infinity":0,"s:29:27:35:Infinity":1,"s:37:35:37:Infinity":2,"s:43:26:50:Infinity":3,"s:56:28:100:Infinity":4,"s:106:29:109:Infinity":5,"b:107:26:107:55:107:55:107:65":0,"s:121:39:126:Infinity":6,"s:132:40:138:Infinity":7,"f:132:40:132:46":0,"s:133:19:133:Infinity":8,"b:134:2:136:Infinity:undefined:undefined:undefined:undefined":1,"s:134:2:136:Infinity":9,"b:134:6:134:19:134:19:134:43":2,"s:135:4:135:Infinity":10,"s:137:2:137:Infinity":11,"f:137:33:137:40":1,"s:137:40:137:64":12,"s:140:26:158:Infinity":13,"s:164:28:167:Infinity":14,"b:165:16:165:46:165:46:165:Infinity":3,"b:166:17:166:57:166:57:166:Infinity":4,"s:169:37:176:Infinity":15,"s:178:29:178:Infinity":16,"b:178:38:178:67:178:67:178:71":5,"s:184:27:191:Infinity":17,"s:197:26:201:Infinity":18,"s:207:27:213:Infinity":19,"b:208:16:208:44:208:44:208:Infinity":6,"s:219:25:224:Infinity":20,"s:226:26:235:Infinity":21,"f:232:21:232:22":2,"s:232:33:232:Infinity":22,"f:233:8:233:9":3,"s:233:22:233:Infinity":23,"f:234:8:234:9":4,"s:234:22:234:Infinity":24,"s:241:31:246:Infinity":25,"s:252:31:255:Infinity":26,"s:261:29:267:Infinity":27,"s:269:26:305:Infinity":28,"s:307:28:332:Infinity":29,"s:338:27:352:Infinity":30,"s:358:36:368:Infinity":31,"s:374:26:379:Infinity":32,"s:385:27:422:Infinity":33,"s:424:30:439:Infinity":34,"s:445:28:449:Infinity":35,"s:451:29:451:Infinity":36,"s:452:30:452:Infinity":37,"s:453:23:453:Infinity":38,"s:459:21:468:Infinity":39,"b:463:15:463:41:463:41:463:Infinity":7,"s:474:28:476:Infinity":40,"s:478:35:478:Infinity":41,"s:484:21:487:Infinity":42,"b:485:8:485:34:485:34:485:Infinity":8,"s:493:31:493:Infinity":43,"b:493:40:493:71:493:71:493:74":9,"s:499:28:504:Infinity":44,"s:510:30:516:Infinity":45,"s:522:25:531:Infinity":46}}}
}
